{"/home/travis/build/npmtest/node-npmtest-bleno/test.js":{"path":"/home/travis/build/npmtest/node-npmtest-bleno/test.js","s":{"1":2,"2":2,"3":2,"4":2,"5":2,"6":2,"7":2,"8":1,"9":2,"10":2,"11":1,"12":1,"13":1,"14":1,"15":2,"16":2,"17":2,"18":2,"19":1,"20":1,"21":2,"22":2,"23":2,"24":1,"25":1,"26":1,"27":1,"28":1,"29":1,"30":1,"31":1,"32":1,"33":1,"34":1,"35":1,"36":1,"37":2,"38":2,"39":1,"40":2,"41":2,"42":1,"43":2,"44":2,"45":1,"46":2,"47":2,"48":1,"49":1,"50":1,"51":1,"52":1},"b":{"1":[2,1,1,1],"2":[1,1,1,1],"3":[1,1],"4":[1,1],"5":[1,1],"6":[1,1],"7":[1,1],"8":[1,1],"9":[1,1,1],"10":[1,1],"11":[1,1],"12":[1,1],"13":[1,1],"14":[1,1],"15":[1,1],"16":[1,1]},"f":{"1":2,"2":2,"3":2,"4":2,"5":2,"6":1,"7":1,"8":2,"9":2,"10":2,"11":2,"12":1},"fnMap":{"1":{"name":"(anonymous_1)","line":12,"loc":{"start":{"line":12,"column":1},"end":{"line":12,"column":13}}},"2":{"name":"(anonymous_2)","line":19,"loc":{"start":{"line":19,"column":5},"end":{"line":19,"column":17}}},"3":{"name":"(anonymous_3)","line":23,"loc":{"start":{"line":23,"column":24},"end":{"line":23,"column":36}}},"4":{"name":"(anonymous_4)","line":61,"loc":{"start":{"line":61,"column":5},"end":{"line":61,"column":17}}},"5":{"name":"(anonymous_5)","line":82,"loc":{"start":{"line":82,"column":5},"end":{"line":82,"column":17}}},"6":{"name":"(anonymous_6)","line":102,"loc":{"start":{"line":102,"column":83},"end":{"line":105,"column":10}},"skip":true},"7":{"name":"(anonymous_7)","line":113,"loc":{"start":{"line":113,"column":77},"end":{"line":116,"column":10}},"skip":true},"8":{"name":"(anonymous_8)","line":129,"loc":{"start":{"line":129,"column":12},"end":{"line":129,"column":40}},"skip":true},"9":{"name":"(anonymous_9)","line":137,"loc":{"start":{"line":137,"column":77},"end":{"line":140,"column":10}},"skip":true},"10":{"name":"(anonymous_10)","line":148,"loc":{"start":{"line":148,"column":83},"end":{"line":151,"column":10}},"skip":true},"11":{"name":"(anonymous_11)","line":159,"loc":{"start":{"line":159,"column":79},"end":{"line":162,"column":10}},"skip":true},"12":{"name":"(anonymous_12)","line":170,"loc":{"start":{"line":170,"column":75},"end":{"line":173,"column":10}},"skip":true}},"statementMap":{"1":{"start":{"line":12,"column":0},"end":{"line":185,"column":5}},"2":{"start":{"line":14,"column":4},"end":{"line":14,"column":14}},"3":{"start":{"line":19,"column":4},"end":{"line":56,"column":9}},"4":{"start":{"line":21,"column":8},"end":{"line":21,"column":19}},"5":{"start":{"line":23,"column":8},"end":{"line":35,"column":13}},"6":{"start":{"line":24,"column":12},"end":{"line":34,"column":13}},"7":{"start":{"line":25,"column":16},"end":{"line":28,"column":30}},"8":{"start":{"line":30,"column":16},"end":{"line":33,"column":27}},"9":{"start":{"line":37,"column":8},"end":{"line":39,"column":21}},"10":{"start":{"line":40,"column":8},"end":{"line":53,"column":9}},"11":{"start":{"line":43,"column":12},"end":{"line":46,"column":14}},"12":{"start":{"line":47,"column":12},"end":{"line":47,"column":18}},"13":{"start":{"line":50,"column":12},"end":{"line":51,"column":46}},"14":{"start":{"line":52,"column":12},"end":{"line":52,"column":18}},"15":{"start":{"line":55,"column":8},"end":{"line":55,"column":35}},"16":{"start":{"line":61,"column":4},"end":{"line":63,"column":9}},"17":{"start":{"line":62,"column":8},"end":{"line":62,"column":15}},"18":{"start":{"line":64,"column":4},"end":{"line":77,"column":5}},"19":{"start":{"line":70,"column":8},"end":{"line":70,"column":14}},"20":{"start":{"line":76,"column":8},"end":{"line":76,"column":14}},"21":{"start":{"line":82,"column":4},"end":{"line":84,"column":9}},"22":{"start":{"line":83,"column":8},"end":{"line":83,"column":15}},"23":{"start":{"line":85,"column":4},"end":{"line":184,"column":5}},"24":{"start":{"line":92,"column":8},"end":{"line":94,"column":63}},"25":{"start":{"line":95,"column":8},"end":{"line":95,"column":14}},"26":{"start":{"line":102,"column":8},"end":{"line":111,"column":10},"skip":true},"27":{"start":{"line":109,"column":12},"end":{"line":109,"column":55},"skip":true},"28":{"start":{"line":110,"column":12},"end":{"line":110,"column":48},"skip":true},"29":{"start":{"line":113,"column":8},"end":{"line":126,"column":10},"skip":true},"30":{"start":{"line":120,"column":12},"end":{"line":120,"column":76},"skip":true},"31":{"start":{"line":121,"column":12},"end":{"line":121,"column":73},"skip":true},"32":{"start":{"line":122,"column":12},"end":{"line":122,"column":74},"skip":true},"33":{"start":{"line":123,"column":12},"end":{"line":123,"column":79},"skip":true},"34":{"start":{"line":124,"column":12},"end":{"line":124,"column":25},"skip":true},"35":{"start":{"line":125,"column":12},"end":{"line":125,"column":45},"skip":true},"36":{"start":{"line":128,"column":8},"end":{"line":135,"column":14},"skip":true},"37":{"start":{"line":133,"column":16},"end":{"line":133,"column":29},"skip":true},"38":{"start":{"line":134,"column":16},"end":{"line":134,"column":55},"skip":true},"39":{"start":{"line":137,"column":8},"end":{"line":146,"column":10},"skip":true},"40":{"start":{"line":144,"column":12},"end":{"line":144,"column":25},"skip":true},"41":{"start":{"line":145,"column":12},"end":{"line":145,"column":45},"skip":true},"42":{"start":{"line":148,"column":8},"end":{"line":157,"column":10},"skip":true},"43":{"start":{"line":155,"column":12},"end":{"line":155,"column":25},"skip":true},"44":{"start":{"line":156,"column":12},"end":{"line":156,"column":48},"skip":true},"45":{"start":{"line":159,"column":8},"end":{"line":168,"column":10},"skip":true},"46":{"start":{"line":166,"column":12},"end":{"line":166,"column":25},"skip":true},"47":{"start":{"line":167,"column":12},"end":{"line":167,"column":46},"skip":true},"48":{"start":{"line":170,"column":8},"end":{"line":179,"column":10},"skip":true},"49":{"start":{"line":177,"column":12},"end":{"line":177,"column":94},"skip":true},"50":{"start":{"line":178,"column":12},"end":{"line":178,"column":48},"skip":true},"51":{"start":{"line":182,"column":8},"end":{"line":182,"column":35},"skip":true},"52":{"start":{"line":183,"column":8},"end":{"line":183,"column":14},"skip":true}},"branchMap":{"1":{"line":25,"type":"binary-expr","locations":[{"start":{"line":25,"column":23},"end":{"line":25,"column":62}},{"start":{"line":26,"column":20},"end":{"line":26,"column":70}},{"start":{"line":27,"column":20},"end":{"line":27,"column":71}},{"start":{"line":28,"column":20},"end":{"line":28,"column":29}}]},"2":{"line":30,"type":"binary-expr","locations":[{"start":{"line":30,"column":23},"end":{"line":30,"column":37}},{"start":{"line":31,"column":20},"end":{"line":31,"column":61}},{"start":{"line":32,"column":20},"end":{"line":32,"column":70}},{"start":{"line":33,"column":20},"end":{"line":33,"column":26}}]},"3":{"line":37,"type":"cond-expr","locations":[{"start":{"line":38,"column":14},"end":{"line":38,"column":20}},{"start":{"line":39,"column":14},"end":{"line":39,"column":20}}]},"4":{"line":40,"type":"switch","locations":[{"start":{"line":42,"column":8},"end":{"line":47,"column":18}},{"start":{"line":49,"column":8},"end":{"line":52,"column":18}}]},"5":{"line":44,"type":"binary-expr","locations":[{"start":{"line":44,"column":16},"end":{"line":44,"column":44}},{"start":{"line":44,"column":48},"end":{"line":44,"column":66}}]},"6":{"line":50,"type":"binary-expr","locations":[{"start":{"line":50,"column":21},"end":{"line":50,"column":49}},{"start":{"line":50,"column":53},"end":{"line":50,"column":72}}]},"7":{"line":64,"type":"switch","locations":[{"start":{"line":69,"column":4},"end":{"line":70,"column":14}},{"start":{"line":75,"column":4},"end":{"line":76,"column":14}}]},"8":{"line":85,"type":"switch","locations":[{"start":{"line":90,"column":4},"end":{"line":95,"column":14}},{"start":{"line":101,"column":4},"end":{"line":183,"column":14},"skip":true}]},"9":{"line":92,"type":"binary-expr","locations":[{"start":{"line":92,"column":18},"end":{"line":92,"column":32}},{"start":{"line":93,"column":12},"end":{"line":93,"column":53}},{"start":{"line":94,"column":12},"end":{"line":94,"column":61}}]},"10":{"line":102,"type":"binary-expr","locations":[{"start":{"line":102,"column":45},"end":{"line":102,"column":79},"skip":true},{"start":{"line":102,"column":83},"end":{"line":111,"column":9},"skip":true}]},"11":{"line":113,"type":"binary-expr","locations":[{"start":{"line":113,"column":42},"end":{"line":113,"column":73},"skip":true},{"start":{"line":113,"column":77},"end":{"line":126,"column":9},"skip":true}]},"12":{"line":128,"type":"binary-expr","locations":[{"start":{"line":128,"column":48},"end":{"line":128,"column":85},"skip":true},{"start":{"line":129,"column":12},"end":{"line":135,"column":13},"skip":true}]},"13":{"line":137,"type":"binary-expr","locations":[{"start":{"line":137,"column":42},"end":{"line":137,"column":73},"skip":true},{"start":{"line":137,"column":77},"end":{"line":146,"column":9},"skip":true}]},"14":{"line":148,"type":"binary-expr","locations":[{"start":{"line":148,"column":45},"end":{"line":148,"column":79},"skip":true},{"start":{"line":148,"column":83},"end":{"line":157,"column":9},"skip":true}]},"15":{"line":159,"type":"binary-expr","locations":[{"start":{"line":159,"column":43},"end":{"line":159,"column":75},"skip":true},{"start":{"line":159,"column":79},"end":{"line":168,"column":9},"skip":true}]},"16":{"line":170,"type":"binary-expr","locations":[{"start":{"line":170,"column":41},"end":{"line":170,"column":71},"skip":true},{"start":{"line":170,"column":75},"end":{"line":179,"column":9},"skip":true}]}},"code":["/* istanbul instrument in package npmtest_bleno */","/*jslint","    bitwise: true,","    browser: true,","    maxerr: 8,","    maxlen: 96,","    node: true,","    nomen: true,","    regexp: true,","    stupid: true","*/","(function () {","    'use strict';","    var local;","","","","    // run shared js-env code - pre-init","    (function () {","        // init local","        local = {};","        // init modeJs","        local.modeJs = (function () {","            try {","                return typeof navigator.userAgent === 'string' &&","                    typeof document.querySelector('body') === 'object' &&","                    typeof XMLHttpRequest.prototype.open === 'function' &&","                    'browser';","            } catch (errorCaughtBrowser) {","                return module.exports &&","                    typeof process.versions.node === 'string' &&","                    typeof require('http').createServer === 'function' &&","                    'node';","            }","        }());","        // init global","        local.global = local.modeJs === 'browser'","            ? window","            : global;","        switch (local.modeJs) {","        // re-init local from window.local","        case 'browser':","            local = local.global.utility2.objectSetDefault(","                local.global.utility2_rollup || local.global.local,","                local.global.utility2","            );","            break;","        // re-init local from example.js","        case 'node':","            local = (local.global.utility2_rollup || require('utility2'))","                .requireExampleJsFromReadme();","            break;","        }","        // export local","        local.global.local = local;","    }());","","","","    // run shared js-env code - function","    (function () {","        return;","    }());","    switch (local.modeJs) {","","","","    // run browser js-env code - function","    case 'browser':","        break;","","","","    // run node js-env code - function","    case 'node':","        break;","    }","","","","    // run shared js-env code - post-init","    (function () {","        return;","    }());","    switch (local.modeJs) {","","","","    // run browser js-env code - post-init","    case 'browser':","        // run tests","        local.nop(local.modeTest &&","            document.querySelector('#testRunButton1') &&","            document.querySelector('#testRunButton1').click());","        break;","","","","    // run node js-env code - post-init","    /* istanbul ignore next */","    case 'node':","        local.testCase_buildApidoc_default = local.testCase_buildApidoc_default || function (","            options,","            onError","        ) {","        /*","         * this function will test buildApidoc's default handling-behavior-behavior","         */","            options = { modulePathList: module.paths };","            local.buildApidoc(options, onError);","        };","","        local.testCase_buildApp_default = local.testCase_buildApp_default || function (","            options,","            onError","        ) {","        /*","         * this function will test buildApp's default handling-behavior-behavior","         */","            local.testCase_buildReadme_default(options, local.onErrorThrow);","            local.testCase_buildLib_default(options, local.onErrorThrow);","            local.testCase_buildTest_default(options, local.onErrorThrow);","            local.testCase_buildCustomOrg_default(options, local.onErrorThrow);","            options = [];","            local.buildApp(options, onError);","        };","","        local.testCase_buildCustomOrg_default = local.testCase_buildCustomOrg_default ||","            function (options, onError) {","            /*","             * this function will test buildCustomOrg's default handling-behavior","             */","                options = {};","                local.buildCustomOrg(options, onError);","            };","","        local.testCase_buildLib_default = local.testCase_buildLib_default || function (","            options,","            onError","        ) {","        /*","         * this function will test buildLib's default handling-behavior","         */","            options = {};","            local.buildLib(options, onError);","        };","","        local.testCase_buildReadme_default = local.testCase_buildReadme_default || function (","            options,","            onError","        ) {","        /*","         * this function will test buildReadme's default handling-behavior-behavior","         */","            options = {};","            local.buildReadme(options, onError);","        };","","        local.testCase_buildTest_default = local.testCase_buildTest_default || function (","            options,","            onError","        ) {","        /*","         * this function will test buildTest's default handling-behavior","         */","            options = {};","            local.buildTest(options, onError);","        };","","        local.testCase_webpage_default = local.testCase_webpage_default || function (","            options,","            onError","        ) {","        /*","         * this function will test webpage's default handling-behavior","         */","            options = { modeCoverageMerge: true, url: local.serverLocalHost + '?modeTest=1' };","            local.browserTest(options, onError);","        };","","        // run test-server","        local.testRunServer(local);","        break;","    }","}());",""],"l":{"12":2,"14":2,"19":2,"21":2,"23":2,"24":2,"25":2,"30":1,"37":2,"40":2,"43":1,"47":1,"50":1,"52":1,"55":2,"61":2,"62":2,"64":2,"70":1,"76":1,"82":2,"83":2,"85":2,"92":1,"95":1,"102":1,"109":1,"110":1,"113":1,"120":1,"121":1,"122":1,"123":1,"124":1,"125":1,"128":1,"133":2,"134":2,"137":1,"144":2,"145":2,"148":1,"155":2,"156":2,"159":1,"166":2,"167":2,"170":1,"177":1,"178":1,"182":1,"183":1}},"/home/travis/build/npmtest/node-npmtest-bleno/lib.npmtest_bleno.js":{"path":"/home/travis/build/npmtest/node-npmtest-bleno/lib.npmtest_bleno.js","s":{"1":2,"2":2,"3":2,"4":2,"5":2,"6":2,"7":2,"8":1,"9":2,"10":2,"11":2,"12":2,"13":1,"14":1,"15":1,"16":1},"b":{"1":[2,1,1,1],"2":[1,1,1,1],"3":[1,1],"4":[2,2],"5":[1,1]},"f":{"1":2,"2":2,"3":2},"fnMap":{"1":{"name":"(anonymous_1)","line":12,"loc":{"start":{"line":12,"column":1},"end":{"line":12,"column":13}}},"2":{"name":"(anonymous_2)","line":19,"loc":{"start":{"line":19,"column":5},"end":{"line":19,"column":17}}},"3":{"name":"(anonymous_3)","line":23,"loc":{"start":{"line":23,"column":24},"end":{"line":23,"column":36}}}},"statementMap":{"1":{"start":{"line":12,"column":0},"end":{"line":53,"column":5}},"2":{"start":{"line":14,"column":4},"end":{"line":14,"column":14}},"3":{"start":{"line":19,"column":4},"end":{"line":52,"column":9}},"4":{"start":{"line":21,"column":8},"end":{"line":21,"column":19}},"5":{"start":{"line":23,"column":8},"end":{"line":35,"column":13}},"6":{"start":{"line":24,"column":12},"end":{"line":34,"column":13}},"7":{"start":{"line":25,"column":16},"end":{"line":28,"column":30}},"8":{"start":{"line":30,"column":16},"end":{"line":33,"column":27}},"9":{"start":{"line":37,"column":8},"end":{"line":39,"column":21}},"10":{"start":{"line":41,"column":8},"end":{"line":41,"column":54}},"11":{"start":{"line":43,"column":8},"end":{"line":43,"column":50}},"12":{"start":{"line":45,"column":8},"end":{"line":51,"column":9}},"13":{"start":{"line":46,"column":12},"end":{"line":46,"column":56}},"14":{"start":{"line":48,"column":12},"end":{"line":48,"column":35}},"15":{"start":{"line":49,"column":12},"end":{"line":49,"column":49}},"16":{"start":{"line":50,"column":12},"end":{"line":50,"column":43}}},"branchMap":{"1":{"line":25,"type":"binary-expr","locations":[{"start":{"line":25,"column":23},"end":{"line":25,"column":62}},{"start":{"line":26,"column":20},"end":{"line":26,"column":70}},{"start":{"line":27,"column":20},"end":{"line":27,"column":71}},{"start":{"line":28,"column":20},"end":{"line":28,"column":29}}]},"2":{"line":30,"type":"binary-expr","locations":[{"start":{"line":30,"column":23},"end":{"line":30,"column":37}},{"start":{"line":31,"column":20},"end":{"line":31,"column":61}},{"start":{"line":32,"column":20},"end":{"line":32,"column":70}},{"start":{"line":33,"column":20},"end":{"line":33,"column":26}}]},"3":{"line":37,"type":"cond-expr","locations":[{"start":{"line":38,"column":14},"end":{"line":38,"column":20}},{"start":{"line":39,"column":14},"end":{"line":39,"column":20}}]},"4":{"line":41,"type":"binary-expr","locations":[{"start":{"line":41,"column":16},"end":{"line":41,"column":44}},{"start":{"line":41,"column":48},"end":{"line":41,"column":53}}]},"5":{"line":45,"type":"if","locations":[{"start":{"line":45,"column":8},"end":{"line":45,"column":8}},{"start":{"line":45,"column":8},"end":{"line":45,"column":8}}]}},"code":["/* istanbul instrument in package npmtest_bleno */","/*jslint","    bitwise: true,","    browser: true,","    maxerr: 8,","    maxlen: 96,","    node: true,","    nomen: true,","    regexp: true,","    stupid: true","*/","(function () {","    'use strict';","    var local;","","","","    // run shared js-env code - pre-init","    (function () {","        // init local","        local = {};","        // init modeJs","        local.modeJs = (function () {","            try {","                return typeof navigator.userAgent === 'string' &&","                    typeof document.querySelector('body') === 'object' &&","                    typeof XMLHttpRequest.prototype.open === 'function' &&","                    'browser';","            } catch (errorCaughtBrowser) {","                return module.exports &&","                    typeof process.versions.node === 'string' &&","                    typeof require('http').createServer === 'function' &&","                    'node';","            }","        }());","        // init global","        local.global = local.modeJs === 'browser'","            ? window","            : global;","        // init utility2_rollup","        local = local.global.utility2_rollup || local;","        // init lib","        local.local = local.npmtest_bleno = local;","        // init exports","        if (local.modeJs === 'browser') {","            local.global.utility2_npmtest_bleno = local;","        } else {","            module.exports = local;","            module.exports.__dirname = __dirname;","            module.exports.module = module;","        }","    }());","}());",""],"l":{"12":2,"14":2,"19":2,"21":2,"23":2,"24":2,"25":2,"30":1,"37":2,"41":2,"43":2,"45":2,"46":1,"48":1,"49":1,"50":1}},"/home/travis/build/npmtest/node-npmtest-bleno/example.js":{"path":"/home/travis/build/npmtest/node-npmtest-bleno/example.js","s":{"1":2,"2":2,"3":2,"4":2,"5":2,"6":2,"7":2,"8":1,"9":2,"10":2,"11":2,"12":2,"13":1,"14":2,"15":2,"16":2,"17":2,"18":2,"19":0,"20":2,"21":1,"22":1,"23":1,"24":1,"25":1,"26":0,"27":0,"28":1,"29":1,"30":2,"31":0,"32":0,"33":0,"34":1,"35":2,"36":2,"37":2,"38":2,"39":2,"40":2,"41":0,"42":2,"43":2,"44":2,"45":1,"46":3,"47":1,"48":1,"49":1,"50":1,"51":1,"52":1,"53":1,"54":1,"55":1,"56":1,"57":0,"58":1,"59":6,"60":6,"61":1,"62":2,"63":0,"64":2,"65":1,"66":1,"67":0,"68":0,"69":0,"70":0,"71":0,"72":0,"73":0,"74":0,"75":0,"76":0,"77":0,"78":0,"79":0,"80":0,"81":0,"82":0,"83":0},"b":{"1":[2,1,1,1],"2":[1,1,1,1],"3":[1,1],"4":[2,2],"5":[1,1],"6":[1,1],"7":[2,0],"8":[2,1,1,1,1,1],"9":[0,2,0],"10":[1,1],"11":[2,1,1],"12":[1,0],"13":[0,2],"14":[2,0,0,0,0,0,0],"15":[0,2],"16":[2,0],"17":[1,1],"18":[0,1],"19":[1,2,0,2],"20":[1,0],"21":[1,1],"22":[0,0],"23":[0,0],"24":[0,0],"25":[0,0],"26":[0,0],"27":[0,0],"28":[0,0]},"f":{"1":2,"2":2,"3":2,"4":2,"5":2,"6":2,"7":2,"8":2,"9":3,"10":1,"11":6,"12":0},"fnMap":{"1":{"name":"(anonymous_1)","line":26,"loc":{"start":{"line":26,"column":1},"end":{"line":26,"column":13}}},"2":{"name":"(anonymous_2)","line":33,"loc":{"start":{"line":33,"column":5},"end":{"line":33,"column":17}}},"3":{"name":"(anonymous_3)","line":37,"loc":{"start":{"line":37,"column":24},"end":{"line":37,"column":36}}},"4":{"name":"(anonymous_4)","line":69,"loc":{"start":{"line":69,"column":31},"end":{"line":69,"column":48}},"skip":true},"5":{"name":"(anonymous_5)","line":78,"loc":{"start":{"line":78,"column":26},"end":{"line":78,"column":45}},"skip":true},"6":{"name":"(anonymous_6)","line":123,"loc":{"start":{"line":123,"column":33},"end":{"line":123,"column":48}},"skip":true},"7":{"name":"(anonymous_7)","line":125,"loc":{"start":{"line":125,"column":27},"end":{"line":125,"column":39}},"skip":true},"8":{"name":"(anonymous_8)","line":133,"loc":{"start":{"line":133,"column":59},"end":{"line":133,"column":74}},"skip":true},"9":{"name":"(anonymous_9)","line":143,"loc":{"start":{"line":143,"column":45},"end":{"line":143,"column":62}},"skip":true},"10":{"name":"(anonymous_10)","line":144,"loc":{"start":{"line":144,"column":73},"end":{"line":144,"column":92}},"skip":true},"11":{"name":"(anonymous_11)","line":272,"loc":{"start":{"line":272,"column":51},"end":{"line":272,"column":77}},"skip":true},"12":{"name":"(anonymous_12)","line":314,"loc":{"start":{"line":314,"column":32},"end":{"line":314,"column":61}},"skip":true}},"statementMap":{"1":{"start":{"line":26,"column":0},"end":{"line":325,"column":5}},"2":{"start":{"line":28,"column":4},"end":{"line":28,"column":14}},"3":{"start":{"line":33,"column":4},"end":{"line":60,"column":9}},"4":{"start":{"line":35,"column":8},"end":{"line":35,"column":19}},"5":{"start":{"line":37,"column":8},"end":{"line":49,"column":13}},"6":{"start":{"line":38,"column":12},"end":{"line":48,"column":13}},"7":{"start":{"line":39,"column":16},"end":{"line":42,"column":30}},"8":{"start":{"line":44,"column":16},"end":{"line":47,"column":27}},"9":{"start":{"line":51,"column":8},"end":{"line":53,"column":21}},"10":{"start":{"line":55,"column":8},"end":{"line":57,"column":45}},"11":{"start":{"line":59,"column":8},"end":{"line":59,"column":35}},"12":{"start":{"line":61,"column":4},"end":{"line":324,"column":5}},"13":{"start":{"line":69,"column":8},"end":{"line":121,"column":10},"skip":true},"14":{"start":{"line":70,"column":12},"end":{"line":88,"column":13},"skip":true},"15":{"start":{"line":76,"column":16},"end":{"line":87,"column":19},"skip":true},"16":{"start":{"line":79,"column":20},"end":{"line":86,"column":21},"skip":true},"17":{"start":{"line":82,"column":24},"end":{"line":82,"column":43},"skip":true},"18":{"start":{"line":83,"column":24},"end":{"line":83,"column":30},"skip":true},"19":{"start":{"line":85,"column":24},"end":{"line":85,"column":49},"skip":true},"20":{"start":{"line":89,"column":12},"end":{"line":107,"column":13},"skip":true},"21":{"start":{"line":92,"column":16},"end":{"line":102,"column":17},"skip":true},"22":{"start":{"line":93,"column":20},"end":{"line":93,"column":86},"skip":true},"23":{"start":{"line":94,"column":20},"end":{"line":95,"column":45},"skip":true},"24":{"start":{"line":96,"column":20},"end":{"line":96,"column":42},"skip":true},"25":{"start":{"line":97,"column":20},"end":{"line":97,"column":48},"skip":true},"26":{"start":{"line":100,"column":20},"end":{"line":100,"column":85},"skip":true},"27":{"start":{"line":101,"column":20},"end":{"line":101,"column":96},"skip":true},"28":{"start":{"line":103,"column":16},"end":{"line":103,"column":22},"skip":true},"29":{"start":{"line":106,"column":16},"end":{"line":106,"column":22},"skip":true},"30":{"start":{"line":108,"column":12},"end":{"line":120,"column":13},"skip":true},"31":{"start":{"line":114,"column":16},"end":{"line":119,"column":17},"skip":true},"32":{"start":{"line":116,"column":20},"end":{"line":116,"column":78},"skip":true},"33":{"start":{"line":118,"column":20},"end":{"line":118,"column":47},"skip":true},"34":{"start":{"line":123,"column":8},"end":{"line":141,"column":11},"skip":true},"35":{"start":{"line":124,"column":12},"end":{"line":124,"column":54},"skip":true},"36":{"start":{"line":125,"column":12},"end":{"line":140,"column":14},"skip":true},"37":{"start":{"line":126,"column":16},"end":{"line":126,"column":28},"skip":true},"38":{"start":{"line":127,"column":16},"end":{"line":127,"column":69},"skip":true},"39":{"start":{"line":128,"column":16},"end":{"line":128,"column":75},"skip":true},"40":{"start":{"line":129,"column":16},"end":{"line":131,"column":17},"skip":true},"41":{"start":{"line":130,"column":20},"end":{"line":130,"column":27},"skip":true},"42":{"start":{"line":133,"column":16},"end":{"line":137,"column":36},"skip":true},"43":{"start":{"line":134,"column":20},"end":{"line":136,"column":55},"skip":true},"44":{"start":{"line":139,"column":16},"end":{"line":139,"column":57},"skip":true},"45":{"start":{"line":143,"column":8},"end":{"line":147,"column":11},"skip":true},"46":{"start":{"line":144,"column":12},"end":{"line":146,"column":15},"skip":true},"47":{"start":{"line":145,"column":16},"end":{"line":145,"column":70},"skip":true},"48":{"start":{"line":149,"column":8},"end":{"line":149,"column":31},"skip":true},"49":{"start":{"line":150,"column":8},"end":{"line":150,"column":14},"skip":true},"50":{"start":{"line":158,"column":8},"end":{"line":158,"column":31},"skip":true},"51":{"start":{"line":160,"column":8},"end":{"line":160,"column":33},"skip":true},"52":{"start":{"line":161,"column":8},"end":{"line":161,"column":37},"skip":true},"53":{"start":{"line":162,"column":8},"end":{"line":162,"column":35},"skip":true},"54":{"start":{"line":164,"column":8},"end":{"line":164,"column":50},"skip":true},"55":{"start":{"line":166,"column":8},"end":{"line":256,"column":2},"skip":true},"56":{"start":{"line":258,"column":8},"end":{"line":286,"column":9},"skip":true},"57":{"start":{"line":259,"column":12},"end":{"line":269,"column":14},"skip":true},"58":{"start":{"line":271,"column":12},"end":{"line":285,"column":19},"skip":true},"59":{"start":{"line":274,"column":20},"end":{"line":274,"column":35},"skip":true},"60":{"start":{"line":275,"column":20},"end":{"line":284,"column":21},"skip":true},"61":{"start":{"line":277,"column":24},"end":{"line":277,"column":64},"skip":true},"62":{"start":{"line":279,"column":24},"end":{"line":279,"column":40},"skip":true},"63":{"start":{"line":281,"column":24},"end":{"line":281,"column":40},"skip":true},"64":{"start":{"line":283,"column":24},"end":{"line":283,"column":39},"skip":true},"65":{"start":{"line":288,"column":8},"end":{"line":290,"column":9},"skip":true},"66":{"start":{"line":289,"column":12},"end":{"line":289,"column":18},"skip":true},"67":{"start":{"line":291,"column":8},"end":{"line":293,"column":54},"skip":true},"68":{"start":{"line":294,"column":8},"end":{"line":301,"column":37},"skip":true},"69":{"start":{"line":302,"column":8},"end":{"line":302,"column":82},"skip":true},"70":{"start":{"line":305,"column":8},"end":{"line":307,"column":9},"skip":true},"71":{"start":{"line":306,"column":12},"end":{"line":306,"column":82},"skip":true},"72":{"start":{"line":309,"column":8},"end":{"line":311,"column":9},"skip":true},"73":{"start":{"line":310,"column":12},"end":{"line":310,"column":18},"skip":true},"74":{"start":{"line":312,"column":8},"end":{"line":312,"column":54},"skip":true},"75":{"start":{"line":313,"column":8},"end":{"line":313,"column":69},"skip":true},"76":{"start":{"line":314,"column":8},"end":{"line":322,"column":36},"skip":true},"77":{"start":{"line":315,"column":12},"end":{"line":315,"column":61},"skip":true},"78":{"start":{"line":316,"column":12},"end":{"line":319,"column":13},"skip":true},"79":{"start":{"line":317,"column":16},"end":{"line":317,"column":75},"skip":true},"80":{"start":{"line":318,"column":16},"end":{"line":318,"column":23},"skip":true},"81":{"start":{"line":320,"column":12},"end":{"line":320,"column":38},"skip":true},"82":{"start":{"line":321,"column":12},"end":{"line":321,"column":27},"skip":true},"83":{"start":{"line":323,"column":8},"end":{"line":323,"column":14},"skip":true}},"branchMap":{"1":{"line":39,"type":"binary-expr","locations":[{"start":{"line":39,"column":23},"end":{"line":39,"column":62}},{"start":{"line":40,"column":20},"end":{"line":40,"column":70}},{"start":{"line":41,"column":20},"end":{"line":41,"column":71}},{"start":{"line":42,"column":20},"end":{"line":42,"column":29}}]},"2":{"line":44,"type":"binary-expr","locations":[{"start":{"line":44,"column":23},"end":{"line":44,"column":37}},{"start":{"line":45,"column":20},"end":{"line":45,"column":61}},{"start":{"line":46,"column":20},"end":{"line":46,"column":70}},{"start":{"line":47,"column":20},"end":{"line":47,"column":26}}]},"3":{"line":51,"type":"cond-expr","locations":[{"start":{"line":52,"column":14},"end":{"line":52,"column":20}},{"start":{"line":53,"column":14},"end":{"line":53,"column":20}}]},"4":{"line":55,"type":"binary-expr","locations":[{"start":{"line":55,"column":16},"end":{"line":55,"column":44}},{"start":{"line":55,"column":49},"end":{"line":57,"column":43}}]},"5":{"line":55,"type":"cond-expr","locations":[{"start":{"line":56,"column":14},"end":{"line":56,"column":49}},{"start":{"line":57,"column":14},"end":{"line":57,"column":43}}]},"6":{"line":61,"type":"switch","locations":[{"start":{"line":68,"column":4},"end":{"line":150,"column":14},"skip":true},{"start":{"line":156,"column":4},"end":{"line":323,"column":14},"skip":true}]},"7":{"line":70,"type":"if","locations":[{"start":{"line":70,"column":12},"end":{"line":70,"column":12},"skip":true},{"start":{"line":70,"column":12},"end":{"line":70,"column":12},"skip":true}]},"8":{"line":70,"type":"binary-expr","locations":[{"start":{"line":70,"column":16},"end":{"line":70,"column":22},"skip":true},{"start":{"line":70,"column":27},"end":{"line":70,"column":32},"skip":true},{"start":{"line":71,"column":20},"end":{"line":71,"column":39},"skip":true},{"start":{"line":72,"column":20},"end":{"line":72,"column":49},"skip":true},{"start":{"line":73,"column":20},"end":{"line":73,"column":58},"skip":true},{"start":{"line":74,"column":20},"end":{"line":74,"column":69},"skip":true}]},"9":{"line":79,"type":"switch","locations":[{"start":{"line":80,"column":20},"end":{"line":80,"column":33},"skip":true},{"start":{"line":81,"column":20},"end":{"line":83,"column":30},"skip":true},{"start":{"line":84,"column":20},"end":{"line":85,"column":49},"skip":true}]},"10":{"line":89,"type":"switch","locations":[{"start":{"line":90,"column":12},"end":{"line":103,"column":22},"skip":true},{"start":{"line":105,"column":12},"end":{"line":106,"column":22},"skip":true}]},"11":{"line":89,"type":"binary-expr","locations":[{"start":{"line":89,"column":20},"end":{"line":89,"column":25},"skip":true},{"start":{"line":89,"column":29},"end":{"line":89,"column":48},"skip":true},{"start":{"line":89,"column":52},"end":{"line":89,"column":74},"skip":true}]},"12":{"line":92,"type":"if","locations":[{"start":{"line":92,"column":16},"end":{"line":92,"column":16},"skip":true},{"start":{"line":92,"column":16},"end":{"line":92,"column":16},"skip":true}]},"13":{"line":108,"type":"if","locations":[{"start":{"line":108,"column":12},"end":{"line":108,"column":12},"skip":true},{"start":{"line":108,"column":12},"end":{"line":108,"column":12},"skip":true}]},"14":{"line":108,"type":"binary-expr","locations":[{"start":{"line":108,"column":16},"end":{"line":108,"column":61},"skip":true},{"start":{"line":108,"column":66},"end":{"line":108,"column":72},"skip":true},{"start":{"line":108,"column":77},"end":{"line":108,"column":82},"skip":true},{"start":{"line":109,"column":20},"end":{"line":109,"column":39},"skip":true},{"start":{"line":110,"column":20},"end":{"line":110,"column":49},"skip":true},{"start":{"line":111,"column":20},"end":{"line":111,"column":58},"skip":true},{"start":{"line":112,"column":20},"end":{"line":112,"column":68},"skip":true}]},"15":{"line":129,"type":"if","locations":[{"start":{"line":129,"column":16},"end":{"line":129,"column":16},"skip":true},{"start":{"line":129,"column":16},"end":{"line":129,"column":16},"skip":true}]},"16":{"line":134,"type":"cond-expr","locations":[{"start":{"line":135,"column":26},"end":{"line":135,"column":29},"skip":true},{"start":{"line":136,"column":26},"end":{"line":136,"column":54},"skip":true}]},"17":{"line":164,"type":"binary-expr","locations":[{"start":{"line":164,"column":27},"end":{"line":164,"column":43},"skip":true},{"start":{"line":164,"column":47},"end":{"line":164,"column":49},"skip":true}]},"18":{"line":258,"type":"if","locations":[{"start":{"line":258,"column":8},"end":{"line":258,"column":8},"skip":true},{"start":{"line":258,"column":8},"end":{"line":258,"column":8},"skip":true}]},"19":{"line":275,"type":"switch","locations":[{"start":{"line":276,"column":20},"end":{"line":277,"column":64},"skip":true},{"start":{"line":278,"column":20},"end":{"line":279,"column":40},"skip":true},{"start":{"line":280,"column":20},"end":{"line":281,"column":40},"skip":true},{"start":{"line":282,"column":20},"end":{"line":283,"column":39},"skip":true}]},"20":{"line":288,"type":"if","locations":[{"start":{"line":288,"column":8},"end":{"line":288,"column":8},"skip":true},{"start":{"line":288,"column":8},"end":{"line":288,"column":8},"skip":true}]},"21":{"line":288,"type":"binary-expr","locations":[{"start":{"line":288,"column":12},"end":{"line":288,"column":40},"skip":true},{"start":{"line":288,"column":44},"end":{"line":288,"column":67},"skip":true}]},"22":{"line":292,"type":"binary-expr","locations":[{"start":{"line":292,"column":12},"end":{"line":292,"column":50},"skip":true},{"start":{"line":293,"column":12},"end":{"line":293,"column":53},"skip":true}]},"23":{"line":295,"type":"binary-expr","locations":[{"start":{"line":295,"column":12},"end":{"line":295,"column":63},"skip":true},{"start":{"line":296,"column":12},"end":{"line":301,"column":36},"skip":true}]},"24":{"line":302,"type":"binary-expr","locations":[{"start":{"line":302,"column":43},"end":{"line":302,"column":75},"skip":true},{"start":{"line":302,"column":79},"end":{"line":302,"column":81},"skip":true}]},"25":{"line":305,"type":"if","locations":[{"start":{"line":305,"column":8},"end":{"line":305,"column":8},"skip":true},{"start":{"line":305,"column":8},"end":{"line":305,"column":8},"skip":true}]},"26":{"line":309,"type":"if","locations":[{"start":{"line":309,"column":8},"end":{"line":309,"column":8},"skip":true},{"start":{"line":309,"column":8},"end":{"line":309,"column":8},"skip":true}]},"27":{"line":312,"type":"binary-expr","locations":[{"start":{"line":312,"column":27},"end":{"line":312,"column":43},"skip":true},{"start":{"line":312,"column":47},"end":{"line":312,"column":53},"skip":true}]},"28":{"line":316,"type":"if","locations":[{"start":{"line":316,"column":12},"end":{"line":316,"column":12},"skip":true},{"start":{"line":316,"column":12},"end":{"line":316,"column":12},"skip":true}]}},"code":["/*","example.js","","quickstart example","","instruction","    1. save this script as example.js","    2. run the shell command:","        $ npm install npmtest-bleno && PORT=8081 node example.js","    3. play with the browser-demo on http://127.0.0.1:8081","*/","","","","/* istanbul instrument in package npmtest_bleno */","/*jslint","    bitwise: true,","    browser: true,","    maxerr: 8,","    maxlen: 96,","    node: true,","    nomen: true,","    regexp: true,","    stupid: true","*/","(function () {","    'use strict';","    var local;","","","","    // run shared js-env code - pre-init","    (function () {","        // init local","        local = {};","        // init modeJs","        local.modeJs = (function () {","            try {","                return typeof navigator.userAgent === 'string' &&","                    typeof document.querySelector('body') === 'object' &&","                    typeof XMLHttpRequest.prototype.open === 'function' &&","                    'browser';","            } catch (errorCaughtBrowser) {","                return module.exports &&","                    typeof process.versions.node === 'string' &&","                    typeof require('http').createServer === 'function' &&","                    'node';","            }","        }());","        // init global","        local.global = local.modeJs === 'browser'","            ? window","            : global;","        // init utility2_rollup","        local = local.global.utility2_rollup || (local.modeJs === 'browser'","            ? local.global.utility2_npmtest_bleno","            : global.utility2_moduleExports);","        // export local","        local.global.local = local;","    }());","    switch (local.modeJs) {","","","","    // post-init","    // run browser js-env code - post-init","    /* istanbul ignore next */","    case 'browser':","        local.testRunBrowser = function (event) {","            if (!event || (event &&","                    event.currentTarget &&","                    event.currentTarget.className &&","                    event.currentTarget.className.includes &&","                    event.currentTarget.className.includes('onreset'))) {","                // reset output","                Array.from(","                    document.querySelectorAll('body > .resettable')","                ).forEach(function (element) {","                    switch (element.tagName) {","                    case 'INPUT':","                    case 'TEXTAREA':","                        element.value = '';","                        break;","                    default:","                        element.textContent = '';","                    }","                });","            }","            switch (event && event.currentTarget && event.currentTarget.id) {","            case 'testRunButton1':","                // show tests","                if (document.querySelector('#testReportDiv1').style.display === 'none') {","                    document.querySelector('#testReportDiv1').style.display = 'block';","                    document.querySelector('#testRunButton1').textContent =","                        'hide internal test';","                    local.modeTest = true;","                    local.testRunDefault(local);","                // hide tests","                } else {","                    document.querySelector('#testReportDiv1').style.display = 'none';","                    document.querySelector('#testRunButton1').textContent = 'run internal test';","                }","                break;","            // custom-case","            default:","                break;","            }","            if (document.querySelector('#inputTextareaEval1') && (!event || (event &&","                    event.currentTarget &&","                    event.currentTarget.className &&","                    event.currentTarget.className.includes &&","                    event.currentTarget.className.includes('oneval')))) {","                // try to eval input-code","                try {","                    /*jslint evil: true*/","                    eval(document.querySelector('#inputTextareaEval1').value);","                } catch (errorCaught) {","                    console.error(errorCaught);","                }","            }","        };","        // log stderr and stdout to #outputTextareaStdout1","        ['error', 'log'].forEach(function (key) {","            console[key + '_original'] = console[key];","            console[key] = function () {","                var element;","                console[key + '_original'].apply(console, arguments);","                element = document.querySelector('#outputTextareaStdout1');","                if (!element) {","                    return;","                }","                // append text to #outputTextareaStdout1","                element.value += Array.from(arguments).map(function (arg) {","                    return typeof arg === 'string'","                        ? arg","                        : JSON.stringify(arg, null, 4);","                }).join(' ') + '\\n';","                // scroll textarea to bottom","                element.scrollTop = element.scrollHeight;","            };","        });","        // init event-handling","        ['change', 'click', 'keyup'].forEach(function (event) {","            Array.from(document.querySelectorAll('.on' + event)).forEach(function (element) {","                element.addEventListener(event, local.testRunBrowser);","            });","        });","        // run tests","        local.testRunBrowser();","        break;","","","","    // run node js-env code - post-init","    /* istanbul ignore next */","    case 'node':","        // export local","        module.exports = local;","        // require modules","        local.fs = require('fs');","        local.http = require('http');","        local.url = require('url');","        // init assets","        local.assetsDict = local.assetsDict || {};","        /* jslint-ignore-begin */","        local.assetsDict['/assets.index.template.html'] = '\\","<!doctype html>\\n\\","<html lang=\"en\">\\n\\","<head>\\n\\","<meta charset=\"UTF-8\">\\n\\","<meta name=\"viewport\" content=\"width=device-width, initial-scale=1\">\\n\\","<title>{{env.npm_package_name}} (v{{env.npm_package_version}})</title>\\n\\","<style>\\n\\","/*csslint\\n\\","    box-sizing: false,\\n\\","    universal-selector: false\\n\\","*/\\n\\","* {\\n\\","    box-sizing: border-box;\\n\\","}\\n\\","body {\\n\\","    background: #dde;\\n\\","    font-family: Arial, Helvetica, sans-serif;\\n\\","    margin: 2rem;\\n\\","}\\n\\","body > * {\\n\\","    margin-bottom: 1rem;\\n\\","}\\n\\",".utility2FooterDiv {\\n\\","    margin-top: 20px;\\n\\","    text-align: center;\\n\\","}\\n\\","</style>\\n\\","<style>\\n\\","/*csslint\\n\\","*/\\n\\","textarea {\\n\\","    font-family: monospace;\\n\\","    height: 10rem;\\n\\","    width: 100%;\\n\\","}\\n\\","textarea[readonly] {\\n\\","    background: #ddd;\\n\\","}\\n\\","</style>\\n\\","</head>\\n\\","<body>\\n\\","<!-- utility2-comment\\n\\","<div id=\"ajaxProgressDiv1\" style=\"background: #d00; height: 2px; left: 0; margin: 0; padding: 0; position: fixed; top: 0; transition: background 0.5s, width 1.5s; width: 25%;\"></div>\\n\\","utility2-comment -->\\n\\","<h1>\\n\\","<!-- utility2-comment\\n\\","    <a\\n\\","        {{#if env.npm_package_homepage}}\\n\\","        href=\"{{env.npm_package_homepage}}\"\\n\\","        {{/if env.npm_package_homepage}}\\n\\","        target=\"_blank\"\\n\\","    >\\n\\","utility2-comment -->\\n\\","        {{env.npm_package_name}} (v{{env.npm_package_version}})\\n\\","<!-- utility2-comment\\n\\","    </a>\\n\\","utility2-comment -->\\n\\","</h1>\\n\\","<h3>{{env.npm_package_description}}</h3>\\n\\","<!-- utility2-comment\\n\\","<h4><a download href=\"assets.app.js\">download standalone app</a></h4>\\n\\","<button class=\"onclick onreset\" id=\"testRunButton1\">run internal test</button><br>\\n\\","<div id=\"testReportDiv1\" style=\"display: none;\"></div>\\n\\","utility2-comment -->\\n\\","\\n\\","\\n\\","\\n\\","<label>stderr and stdout</label>\\n\\","<textarea class=\"resettable\" id=\"outputTextareaStdout1\" readonly></textarea>\\n\\","<!-- utility2-comment\\n\\","{{#if isRollup}}\\n\\","<script src=\"assets.app.js\"></script>\\n\\","{{#unless isRollup}}\\n\\","utility2-comment -->\\n\\","<script src=\"assets.utility2.rollup.js\"></script>\\n\\","<script src=\"jsonp.utility2._stateInit?callback=window.utility2._stateInit\"></script>\\n\\","<script src=\"assets.npmtest_bleno.rollup.js\"></script>\\n\\","<script src=\"assets.example.js\"></script>\\n\\","<script src=\"assets.test.js\"></script>\\n\\","<!-- utility2-comment\\n\\","{{/if isRollup}}\\n\\","utility2-comment -->\\n\\","<div class=\"utility2FooterDiv\">\\n\\","    [ this app was created with\\n\\","    <a href=\"https://github.com/kaizhu256/node-utility2\" target=\"_blank\">utility2</a>\\n\\","    ]\\n\\","</div>\\n\\","</body>\\n\\","</html>\\n\\","';","        /* jslint-ignore-end */","        if (local.templateRender) {","            local.assetsDict['/'] = local.templateRender(","                local.assetsDict['/assets.index.template.html'],","                {","                    env: local.objectSetDefault(local.env, {","                        npm_package_description: 'the greatest app in the world!',","                        npm_package_name: 'my-app',","                        npm_package_nameAlias: 'my_app',","                        npm_package_version: '0.0.1'","                    })","                }","            );","        } else {","            local.assetsDict['/'] = local.assetsDict['/assets.index.template.html']","                .replace((/\\{\\{env\\.(\\w+?)\\}\\}/g), function (match0, match1) {","                    // jslint-hack","                    String(match0);","                    switch (match1) {","                    case 'npm_package_description':","                        return 'the greatest app in the world!';","                    case 'npm_package_name':","                        return 'my-app';","                    case 'npm_package_nameAlias':","                        return 'my_app';","                    case 'npm_package_version':","                        return '0.0.1';","                    }","                });","        }","        // run the cli","        if (local.global.utility2_rollup || module !== require.main) {","            break;","        }","        local.assetsDict['/assets.example.js'] =","            local.assetsDict['/assets.example.js'] ||","            local.fs.readFileSync(__filename, 'utf8');","        local.assetsDict['/assets.npmtest_bleno.rollup.js'] =","            local.assetsDict['/assets.npmtest_bleno.rollup.js'] ||","            local.fs.readFileSync(","                // buildCustomOrg-hack","                local.npmtest_bleno.__dirname +","                    '/lib.npmtest_bleno.js',","                'utf8'","            ).replace((/^#!/), '//');","        local.assetsDict['/favicon.ico'] = local.assetsDict['/favicon.ico'] || '';","        // if $npm_config_timeout_exit exists,","        // then exit this process after $npm_config_timeout_exit ms","        if (Number(process.env.npm_config_timeout_exit)) {","            setTimeout(process.exit, Number(process.env.npm_config_timeout_exit));","        }","        // start server","        if (local.global.utility2_serverHttp1) {","            break;","        }","        process.env.PORT = process.env.PORT || '8081';","        console.error('server starting on port ' + process.env.PORT);","        local.http.createServer(function (request, response) {","            request.urlParsed = local.url.parse(request.url);","            if (local.assetsDict[request.urlParsed.pathname] !== undefined) {","                response.end(local.assetsDict[request.urlParsed.pathname]);","                return;","            }","            response.statusCode = 404;","            response.end();","        }).listen(process.env.PORT);","        break;","    }","}());",""],"l":{"26":2,"28":2,"33":2,"35":2,"37":2,"38":2,"39":2,"44":1,"51":2,"55":2,"59":2,"61":2,"69":1,"70":2,"76":2,"79":2,"82":2,"83":2,"85":1,"89":2,"92":1,"93":1,"94":1,"96":1,"97":1,"100":1,"101":1,"103":1,"106":1,"108":2,"114":1,"116":1,"118":1,"123":1,"124":2,"125":2,"126":2,"127":2,"128":2,"129":2,"130":1,"133":2,"134":2,"139":2,"143":1,"144":3,"145":1,"149":1,"150":1,"158":1,"160":1,"161":1,"162":1,"164":1,"166":1,"258":1,"259":1,"271":1,"274":6,"275":6,"277":1,"279":2,"281":1,"283":2,"288":1,"289":1,"291":1,"294":1,"302":1,"305":1,"306":1,"309":1,"310":1,"312":1,"313":1,"314":1,"315":1,"316":1,"317":1,"318":1,"320":1,"321":1,"323":1}},"/home/travis/build/npmtest/node-npmtest-bleno/node_modules/bleno/index.js":{"path":"/home/travis/build/npmtest/node-npmtest-bleno/node_modules/bleno/index.js","s":{"1":1,"2":1},"b":{},"f":{},"fnMap":{},"statementMap":{"1":{"start":{"line":1,"column":0},"end":{"line":1,"column":35}},"2":{"start":{"line":3,"column":0},"end":{"line":3,"column":29}}},"branchMap":{},"code":["var Bleno = require('./lib/bleno');","","module.exports = new Bleno();",""],"l":{"1":1,"3":1}},"/home/travis/build/npmtest/node-npmtest-bleno/node_modules/bleno/lib/bleno.js":{"path":"/home/travis/build/npmtest/node-npmtest-bleno/node_modules/bleno/lib/bleno.js","s":{"1":1,"2":1,"3":1,"4":1,"5":1,"6":1,"7":1,"8":1,"9":1,"10":1,"11":1,"12":0,"13":1,"14":1,"15":0,"16":1,"17":1,"18":1,"19":1,"20":1,"21":1,"22":1,"23":1,"24":1,"25":1,"26":1,"27":1,"28":1,"29":1,"30":1,"31":1,"32":1,"33":1,"34":1,"35":1,"36":1,"37":1,"38":1,"39":1,"40":1,"41":1,"42":1,"43":1,"44":1,"45":1,"46":0,"47":0,"48":1,"49":0,"50":0,"51":1,"52":0,"53":0,"54":0,"55":1,"56":0,"57":0,"58":1,"59":0,"60":0,"61":0,"62":0,"63":0,"64":0,"65":0,"66":0,"67":0,"68":0,"69":0,"70":0,"71":1,"72":0,"73":0,"74":0,"75":0,"76":0,"77":0,"78":0,"79":0,"80":0,"81":0,"82":0,"83":0,"84":0,"85":0,"86":0,"87":0,"88":0,"89":0,"90":1,"91":0,"92":0,"93":0,"94":0,"95":1,"96":0,"97":0,"98":0,"99":0,"100":0,"101":0,"102":0,"103":0,"104":0,"105":0,"106":0,"107":1,"108":0,"109":0,"110":0,"111":1,"112":0,"113":0,"114":1,"115":0,"116":0,"117":0,"118":1,"119":0,"120":0,"121":0,"122":0,"123":1,"124":0,"125":0,"126":1,"127":0,"128":0,"129":0,"130":0,"131":1,"132":0,"133":1},"b":{"1":[0,1],"2":[1,0],"3":[1,0,0,0],"4":[0,0],"5":[0,0],"6":[0,0],"7":[0,0],"8":[0,0],"9":[0,0],"10":[0,0],"11":[0,0],"12":[0,0],"13":[0,0],"14":[0,0],"15":[0,0],"16":[0,0],"17":[0,0],"18":[0,0],"19":[0,0],"20":[0,0]},"f":{"1":1,"2":1,"3":1,"4":0,"5":0,"6":0,"7":0,"8":0,"9":0,"10":0,"11":0,"12":0,"13":0,"14":0,"15":0,"16":0,"17":0,"18":0,"19":0},"fnMap":{"1":{"name":"Bleno","line":25,"loc":{"start":{"line":25,"column":0},"end":{"line":25,"column":17}}},"2":{"name":"(anonymous_2)","line":55,"loc":{"start":{"line":55,"column":29},"end":{"line":55,"column":48}}},"3":{"name":"(anonymous_3)","line":61,"loc":{"start":{"line":61,"column":32},"end":{"line":61,"column":48}}},"4":{"name":"(anonymous_4)","line":69,"loc":{"start":{"line":69,"column":34},"end":{"line":69,"column":52}}},"5":{"name":"(anonymous_5)","line":75,"loc":{"start":{"line":75,"column":27},"end":{"line":75,"column":51}}},"6":{"name":"(anonymous_6)","line":80,"loc":{"start":{"line":80,"column":30},"end":{"line":80,"column":44}}},"7":{"name":"(anonymous_7)","line":88,"loc":{"start":{"line":88,"column":31},"end":{"line":88,"column":55}}},"8":{"name":"(anonymous_8)","line":93,"loc":{"start":{"line":93,"column":35},"end":{"line":93,"column":74}}},"9":{"name":"(anonymous_9)","line":119,"loc":{"start":{"line":119,"column":42},"end":{"line":119,"column":96}}},"10":{"name":"(anonymous_10)","line":152,"loc":{"start":{"line":152,"column":37},"end":{"line":152,"column":53}}},"11":{"name":"(anonymous_11)","line":162,"loc":{"start":{"line":162,"column":46},"end":{"line":162,"column":94}}},"12":{"name":"(anonymous_12)","line":185,"loc":{"start":{"line":185,"column":34},"end":{"line":185,"column":53}}},"13":{"name":"(anonymous_13)","line":192,"loc":{"start":{"line":192,"column":36},"end":{"line":192,"column":47}}},"14":{"name":"(anonymous_14)","line":197,"loc":{"start":{"line":197,"column":30},"end":{"line":197,"column":59}}},"15":{"name":"(anonymous_15)","line":204,"loc":{"start":{"line":204,"column":32},"end":{"line":204,"column":48}}},"16":{"name":"(anonymous_16)","line":214,"loc":{"start":{"line":214,"column":29},"end":{"line":214,"column":40}}},"17":{"name":"(anonymous_17)","line":219,"loc":{"start":{"line":219,"column":29},"end":{"line":219,"column":48}}},"18":{"name":"(anonymous_18)","line":221,"loc":{"start":{"line":221,"column":28},"end":{"line":221,"column":43}}},"19":{"name":"(anonymous_19)","line":229,"loc":{"start":{"line":229,"column":31},"end":{"line":229,"column":46}}}},"statementMap":{"1":{"start":{"line":1,"column":0},"end":{"line":1,"column":38}},"2":{"start":{"line":3,"column":0},"end":{"line":3,"column":31}},"3":{"start":{"line":4,"column":0},"end":{"line":4,"column":23}},"4":{"start":{"line":5,"column":0},"end":{"line":5,"column":27}},"5":{"start":{"line":7,"column":0},"end":{"line":7,"column":38}},"6":{"start":{"line":9,"column":0},"end":{"line":9,"column":50}},"7":{"start":{"line":10,"column":0},"end":{"line":10,"column":49}},"8":{"start":{"line":11,"column":0},"end":{"line":11,"column":41}},"9":{"start":{"line":13,"column":0},"end":{"line":13,"column":20}},"10":{"start":{"line":15,"column":0},"end":{"line":15,"column":29}},"11":{"start":{"line":17,"column":0},"end":{"line":23,"column":1}},"12":{"start":{"line":18,"column":2},"end":{"line":18,"column":39}},"13":{"start":{"line":19,"column":7},"end":{"line":23,"column":1}},"14":{"start":{"line":20,"column":2},"end":{"line":20,"column":46}},"15":{"start":{"line":22,"column":2},"end":{"line":22,"column":42}},"16":{"start":{"line":25,"column":0},"end":{"line":47,"column":1}},"17":{"start":{"line":26,"column":2},"end":{"line":26,"column":28}},"18":{"start":{"line":27,"column":2},"end":{"line":27,"column":25}},"19":{"start":{"line":28,"column":2},"end":{"line":28,"column":27}},"20":{"start":{"line":29,"column":2},"end":{"line":29,"column":16}},"21":{"start":{"line":30,"column":2},"end":{"line":30,"column":16}},"22":{"start":{"line":32,"column":2},"end":{"line":32,"column":28}},"23":{"start":{"line":34,"column":2},"end":{"line":34,"column":66}},"24":{"start":{"line":35,"column":2},"end":{"line":35,"column":60}},"25":{"start":{"line":36,"column":2},"end":{"line":36,"column":70}},"26":{"start":{"line":37,"column":2},"end":{"line":37,"column":76}},"27":{"start":{"line":38,"column":2},"end":{"line":38,"column":74}},"28":{"start":{"line":39,"column":2},"end":{"line":39,"column":66}},"29":{"start":{"line":40,"column":2},"end":{"line":40,"column":56}},"30":{"start":{"line":41,"column":2},"end":{"line":41,"column":62}},"31":{"start":{"line":42,"column":2},"end":{"line":42,"column":64}},"32":{"start":{"line":44,"column":2},"end":{"line":44,"column":64}},"33":{"start":{"line":46,"column":2},"end":{"line":46,"column":24}},"34":{"start":{"line":49,"column":0},"end":{"line":49,"column":42}},"35":{"start":{"line":51,"column":0},"end":{"line":51,"column":48}},"36":{"start":{"line":52,"column":0},"end":{"line":52,"column":48}},"37":{"start":{"line":53,"column":0},"end":{"line":53,"column":40}},"38":{"start":{"line":55,"column":0},"end":{"line":59,"column":2}},"39":{"start":{"line":56,"column":2},"end":{"line":56,"column":32}},"40":{"start":{"line":58,"column":2},"end":{"line":58,"column":27}},"41":{"start":{"line":61,"column":0},"end":{"line":67,"column":2}},"42":{"start":{"line":62,"column":2},"end":{"line":62,"column":32}},"43":{"start":{"line":64,"column":2},"end":{"line":64,"column":21}},"44":{"start":{"line":66,"column":2},"end":{"line":66,"column":34}},"45":{"start":{"line":69,"column":0},"end":{"line":73,"column":2}},"46":{"start":{"line":70,"column":2},"end":{"line":70,"column":36}},"47":{"start":{"line":72,"column":2},"end":{"line":72,"column":25}},"48":{"start":{"line":75,"column":0},"end":{"line":78,"column":2}},"49":{"start":{"line":76,"column":2},"end":{"line":76,"column":35}},"50":{"start":{"line":77,"column":2},"end":{"line":77,"column":37}},"51":{"start":{"line":80,"column":0},"end":{"line":86,"column":2}},"52":{"start":{"line":81,"column":2},"end":{"line":81,"column":22}},"53":{"start":{"line":83,"column":2},"end":{"line":83,"column":17}},"54":{"start":{"line":85,"column":2},"end":{"line":85,"column":30}},"55":{"start":{"line":88,"column":0},"end":{"line":91,"column":2}},"56":{"start":{"line":89,"column":2},"end":{"line":89,"column":38}},"57":{"start":{"line":90,"column":2},"end":{"line":90,"column":41}},"58":{"start":{"line":93,"column":0},"end":{"line":117,"column":2}},"59":{"start":{"line":94,"column":2},"end":{"line":116,"column":3}},"60":{"start":{"line":95,"column":4},"end":{"line":95,"column":102}},"61":{"start":{"line":97,"column":4},"end":{"line":101,"column":5}},"62":{"start":{"line":98,"column":6},"end":{"line":98,"column":22}},"63":{"start":{"line":100,"column":6},"end":{"line":100,"column":18}},"64":{"start":{"line":103,"column":4},"end":{"line":105,"column":5}},"65":{"start":{"line":104,"column":6},"end":{"line":104,"column":46}},"66":{"start":{"line":107,"column":4},"end":{"line":107,"column":34}},"67":{"start":{"line":109,"column":4},"end":{"line":113,"column":5}},"68":{"start":{"line":110,"column":6},"end":{"line":112,"column":7}},"69":{"start":{"line":111,"column":8},"end":{"line":111,"column":73}},"70":{"start":{"line":115,"column":4},"end":{"line":115,"column":64}},"71":{"start":{"line":119,"column":0},"end":{"line":150,"column":2}},"72":{"start":{"line":120,"column":2},"end":{"line":149,"column":3}},"73":{"start":{"line":121,"column":4},"end":{"line":121,"column":102}},"74":{"start":{"line":123,"column":4},"end":{"line":127,"column":5}},"75":{"start":{"line":124,"column":6},"end":{"line":124,"column":22}},"76":{"start":{"line":126,"column":6},"end":{"line":126,"column":18}},"77":{"start":{"line":129,"column":4},"end":{"line":129,"column":52}},"78":{"start":{"line":130,"column":4},"end":{"line":130,"column":51}},"79":{"start":{"line":131,"column":4},"end":{"line":131,"column":41}},"80":{"start":{"line":132,"column":4},"end":{"line":132,"column":54}},"81":{"start":{"line":134,"column":4},"end":{"line":136,"column":5}},"82":{"start":{"line":135,"column":6},"end":{"line":135,"column":35}},"83":{"start":{"line":138,"column":4},"end":{"line":138,"column":53}},"84":{"start":{"line":139,"column":4},"end":{"line":139,"column":57}},"85":{"start":{"line":140,"column":4},"end":{"line":140,"column":61}},"86":{"start":{"line":142,"column":4},"end":{"line":144,"column":5}},"87":{"start":{"line":143,"column":6},"end":{"line":143,"column":46}},"88":{"start":{"line":146,"column":4},"end":{"line":146,"column":59}},"89":{"start":{"line":148,"column":4},"end":{"line":148,"column":56}},"90":{"start":{"line":152,"column":0},"end":{"line":160,"column":2}},"91":{"start":{"line":153,"column":2},"end":{"line":153,"column":38}},"92":{"start":{"line":155,"column":2},"end":{"line":157,"column":3}},"93":{"start":{"line":156,"column":4},"end":{"line":156,"column":46}},"94":{"start":{"line":159,"column":2},"end":{"line":159,"column":39}},"95":{"start":{"line":162,"column":0},"end":{"line":183,"column":2}},"96":{"start":{"line":163,"column":2},"end":{"line":166,"column":3}},"97":{"start":{"line":164,"column":4},"end":{"line":164,"column":24}},"98":{"start":{"line":165,"column":4},"end":{"line":165,"column":20}},"99":{"start":{"line":168,"column":2},"end":{"line":182,"column":3}},"100":{"start":{"line":169,"column":4},"end":{"line":169,"column":105}},"101":{"start":{"line":171,"column":4},"end":{"line":175,"column":5}},"102":{"start":{"line":172,"column":6},"end":{"line":172,"column":22}},"103":{"start":{"line":174,"column":6},"end":{"line":174,"column":18}},"104":{"start":{"line":177,"column":4},"end":{"line":179,"column":5}},"105":{"start":{"line":178,"column":6},"end":{"line":178,"column":46}},"106":{"start":{"line":181,"column":4},"end":{"line":181,"column":76}},"107":{"start":{"line":185,"column":0},"end":{"line":190,"column":2}},"108":{"start":{"line":186,"column":2},"end":{"line":188,"column":3}},"109":{"start":{"line":187,"column":4},"end":{"line":187,"column":43}},"110":{"start":{"line":189,"column":2},"end":{"line":189,"column":35}},"111":{"start":{"line":192,"column":0},"end":{"line":195,"column":2}},"112":{"start":{"line":193,"column":2},"end":{"line":193,"column":27}},"113":{"start":{"line":194,"column":2},"end":{"line":194,"column":31}},"114":{"start":{"line":197,"column":0},"end":{"line":202,"column":2}},"115":{"start":{"line":198,"column":2},"end":{"line":200,"column":3}},"116":{"start":{"line":199,"column":4},"end":{"line":199,"column":39}},"117":{"start":{"line":201,"column":2},"end":{"line":201,"column":39}},"118":{"start":{"line":204,"column":0},"end":{"line":212,"column":2}},"119":{"start":{"line":205,"column":2},"end":{"line":205,"column":23}},"120":{"start":{"line":207,"column":2},"end":{"line":209,"column":3}},"121":{"start":{"line":208,"column":4},"end":{"line":208,"column":41}},"122":{"start":{"line":211,"column":2},"end":{"line":211,"column":34}},"123":{"start":{"line":214,"column":0},"end":{"line":217,"column":2}},"124":{"start":{"line":215,"column":2},"end":{"line":215,"column":22}},"125":{"start":{"line":216,"column":2},"end":{"line":216,"column":30}},"126":{"start":{"line":219,"column":0},"end":{"line":227,"column":2}},"127":{"start":{"line":220,"column":2},"end":{"line":224,"column":3}},"128":{"start":{"line":221,"column":4},"end":{"line":223,"column":7}},"129":{"start":{"line":222,"column":6},"end":{"line":222,"column":27}},"130":{"start":{"line":226,"column":2},"end":{"line":226,"column":30}},"131":{"start":{"line":229,"column":0},"end":{"line":231,"column":2}},"132":{"start":{"line":230,"column":2},"end":{"line":230,"column":32}},"133":{"start":{"line":233,"column":0},"end":{"line":233,"column":23}}},"branchMap":{"1":{"line":17,"type":"if","locations":[{"start":{"line":17,"column":0},"end":{"line":17,"column":0}},{"start":{"line":17,"column":0},"end":{"line":17,"column":0}}]},"2":{"line":19,"type":"if","locations":[{"start":{"line":19,"column":7},"end":{"line":19,"column":7}},{"start":{"line":19,"column":7},"end":{"line":19,"column":7}}]},"3":{"line":19,"type":"binary-expr","locations":[{"start":{"line":19,"column":11},"end":{"line":19,"column":31}},{"start":{"line":19,"column":35},"end":{"line":19,"column":57}},{"start":{"line":19,"column":61},"end":{"line":19,"column":81}},{"start":{"line":19,"column":85},"end":{"line":19,"column":107}}]},"4":{"line":94,"type":"if","locations":[{"start":{"line":94,"column":2},"end":{"line":94,"column":2}},{"start":{"line":94,"column":2},"end":{"line":94,"column":2}}]},"5":{"line":97,"type":"if","locations":[{"start":{"line":97,"column":4},"end":{"line":97,"column":4}},{"start":{"line":97,"column":4},"end":{"line":97,"column":4}}]},"6":{"line":103,"type":"if","locations":[{"start":{"line":103,"column":4},"end":{"line":103,"column":4}},{"start":{"line":103,"column":4},"end":{"line":103,"column":4}}]},"7":{"line":109,"type":"if","locations":[{"start":{"line":109,"column":4},"end":{"line":109,"column":4}},{"start":{"line":109,"column":4},"end":{"line":109,"column":4}}]},"8":{"line":109,"type":"binary-expr","locations":[{"start":{"line":109,"column":8},"end":{"line":109,"column":20}},{"start":{"line":109,"column":24},"end":{"line":109,"column":43}}]},"9":{"line":120,"type":"if","locations":[{"start":{"line":120,"column":2},"end":{"line":120,"column":2}},{"start":{"line":120,"column":2},"end":{"line":120,"column":2}}]},"10":{"line":123,"type":"if","locations":[{"start":{"line":123,"column":4},"end":{"line":123,"column":4}},{"start":{"line":123,"column":4},"end":{"line":123,"column":4}}]},"11":{"line":142,"type":"if","locations":[{"start":{"line":142,"column":4},"end":{"line":142,"column":4}},{"start":{"line":142,"column":4},"end":{"line":142,"column":4}}]},"12":{"line":155,"type":"if","locations":[{"start":{"line":155,"column":2},"end":{"line":155,"column":2}},{"start":{"line":155,"column":2},"end":{"line":155,"column":2}}]},"13":{"line":163,"type":"if","locations":[{"start":{"line":163,"column":2},"end":{"line":163,"column":2}},{"start":{"line":163,"column":2},"end":{"line":163,"column":2}}]},"14":{"line":168,"type":"if","locations":[{"start":{"line":168,"column":2},"end":{"line":168,"column":2}},{"start":{"line":168,"column":2},"end":{"line":168,"column":2}}]},"15":{"line":171,"type":"if","locations":[{"start":{"line":171,"column":4},"end":{"line":171,"column":4}},{"start":{"line":171,"column":4},"end":{"line":171,"column":4}}]},"16":{"line":177,"type":"if","locations":[{"start":{"line":177,"column":4},"end":{"line":177,"column":4}},{"start":{"line":177,"column":4},"end":{"line":177,"column":4}}]},"17":{"line":186,"type":"if","locations":[{"start":{"line":186,"column":2},"end":{"line":186,"column":2}},{"start":{"line":186,"column":2},"end":{"line":186,"column":2}}]},"18":{"line":198,"type":"if","locations":[{"start":{"line":198,"column":2},"end":{"line":198,"column":2}},{"start":{"line":198,"column":2},"end":{"line":198,"column":2}}]},"19":{"line":207,"type":"if","locations":[{"start":{"line":207,"column":2},"end":{"line":207,"column":2}},{"start":{"line":207,"column":2},"end":{"line":207,"column":2}}]},"20":{"line":220,"type":"if","locations":[{"start":{"line":220,"column":2},"end":{"line":220,"column":2}},{"start":{"line":220,"column":2},"end":{"line":220,"column":2}}]}},"code":["var debug = require('debug')('bleno');","","var events = require('events');","var os = require('os');","var util = require('util');","","var UuidUtil = require('./uuid-util');","","var PrimaryService = require('./primary-service');","var Characteristic = require('./characteristic');","var Descriptor = require('./descriptor');","","var bindings = null;","","var platform = os.platform();","","if (platform === 'darwin') {","  bindings = require('./mac/bindings');","} else if (platform === 'linux' || platform === 'freebsd' || platform === 'win32' || platform === 'android') {","  bindings = require('./hci-socket/bindings');","} else {","  throw new Error('Unsupported platform');","}","","function Bleno() {","  this.platform = 'unknown';","  this.state = 'unknown';","  this.address = 'unknown';","  this.rssi = 0;","  this.mtu = 20;","","  this._bindings = bindings;","","  this._bindings.on('stateChange', this.onStateChange.bind(this));","  this._bindings.on('platform', this.onPlatform.bind(this));","  this._bindings.on('addressChange', this.onAddressChange.bind(this));","  this._bindings.on('advertisingStart', this.onAdvertisingStart.bind(this));","  this._bindings.on('advertisingStop', this.onAdvertisingStop.bind(this));","  this._bindings.on('servicesSet', this.onServicesSet.bind(this));","  this._bindings.on('accept', this.onAccept.bind(this));","  this._bindings.on('mtuChange', this.onMtuChange.bind(this));","  this._bindings.on('disconnect', this.onDisconnect.bind(this));","","  this._bindings.on('rssiUpdate', this.onRssiUpdate.bind(this));","","  this._bindings.init();","}","","util.inherits(Bleno, events.EventEmitter);","","Bleno.prototype.PrimaryService = PrimaryService;","Bleno.prototype.Characteristic = Characteristic;","Bleno.prototype.Descriptor = Descriptor;","","Bleno.prototype.onPlatform = function(platform) {","  debug('platform ' + platform);","","  this.platform = platform;","};","","Bleno.prototype.onStateChange = function(state) {","  debug('stateChange ' + state);","","  this.state = state;","","  this.emit('stateChange', state);","};","","Bleno.prototype.onAddressChange = function(address) {","  debug('addressChange ' + address);","","  this.address = address;","};","","Bleno.prototype.onAccept = function(clientAddress) {","  debug('accept ' + clientAddress);","  this.emit('accept', clientAddress);","};","","Bleno.prototype.onMtuChange = function(mtu) {","  debug('mtu ' + mtu);","","  this.mtu = mtu;","","  this.emit('mtuChange', mtu);","};","","Bleno.prototype.onDisconnect = function(clientAddress) {","  debug('disconnect' + clientAddress);","  this.emit('disconnect', clientAddress);","};","","Bleno.prototype.startAdvertising = function(name, serviceUuids, callback) {","  if (this.state !== 'poweredOn') {","    var error = new Error('Could not start advertising, state is ' + this.state + ' (not poweredOn)');","","    if (typeof callback === 'function') {","      callback(error);","    } else {","      throw error;","    }","  } else {","    if (callback) {","      this.once('advertisingStart', callback);","    }","","    var undashedServiceUuids = [];","","    if (serviceUuids && serviceUuids.length) {","      for (var i = 0; i < serviceUuids.length; i++) {","        undashedServiceUuids[i] = UuidUtil.removeDashes(serviceUuids[i]);","      }","    }","","    this._bindings.startAdvertising(name, undashedServiceUuids);","  }","};","","Bleno.prototype.startAdvertisingIBeacon = function(uuid, major, minor, measuredPower, callback) {","  if (this.state !== 'poweredOn') {","    var error = new Error('Could not start advertising, state is ' + this.state + ' (not poweredOn)');","","    if (typeof callback === 'function') {","      callback(error);","    } else {","      throw error;","    }","  } else {","    var undashedUuid =  UuidUtil.removeDashes(uuid);","    var uuidData = new Buffer(undashedUuid, 'hex');","    var uuidDataLength = uuidData.length;","    var iBeaconData = new Buffer(uuidData.length + 5);","","    for (var i = 0; i < uuidDataLength; i++) {","      iBeaconData[i] = uuidData[i];","    }","","    iBeaconData.writeUInt16BE(major, uuidDataLength);","    iBeaconData.writeUInt16BE(minor, uuidDataLength + 2);","    iBeaconData.writeInt8(measuredPower, uuidDataLength + 4);","","    if (callback) {","      this.once('advertisingStart', callback);","    }","","    debug('iBeacon data = ' + iBeaconData.toString('hex'));","","    this._bindings.startAdvertisingIBeacon(iBeaconData);","  }","};","","Bleno.prototype.onAdvertisingStart = function(error) {","  debug('advertisingStart: ' + error);","","  if (error) {","    this.emit('advertisingStartError', error);","  }","","  this.emit('advertisingStart', error);","};","","Bleno.prototype.startAdvertisingWithEIRData = function(advertisementData, scanData, callback) {","  if (typeof scanData === 'function') {","    callback = scanData;","    scanData = null;","  }","","  if (this.state !== 'poweredOn') {","    var error = new Error('Could not advertising scanning, state is ' + this.state + ' (not poweredOn)');","","    if (typeof callback === 'function') {","      callback(error);","    } else {","      throw error;","    }","  } else {","    if (callback) {","      this.once('advertisingStart', callback);","    }","","    this._bindings.startAdvertisingWithEIRData(advertisementData, scanData);","  }","};","","Bleno.prototype.stopAdvertising = function(callback) {","  if (callback) {","    this.once('advertisingStop', callback);","  }","  this._bindings.stopAdvertising();","};","","Bleno.prototype.onAdvertisingStop = function() {","  debug('advertisingStop');","  this.emit('advertisingStop');","};","","Bleno.prototype.setServices = function(services, callback) {","  if (callback) {","    this.once('servicesSet', callback);","  }","  this._bindings.setServices(services);","};","","Bleno.prototype.onServicesSet = function(error) {","  debug('servicesSet');","","  if (error) {","    this.emit('servicesSetError', error);","  }","","  this.emit('servicesSet', error);","};","","Bleno.prototype.disconnect = function() {","  debug('disconnect');","  this._bindings.disconnect();","};","","Bleno.prototype.updateRssi = function(callback) {","  if (callback) {","    this.once('rssiUpdate', function(rssi) {","      callback(null, rssi);","    });","  }","","  this._bindings.updateRssi();","};","","Bleno.prototype.onRssiUpdate = function(rssi) {","  this.emit('rssiUpdate', rssi);","};","","module.exports = Bleno;",""],"l":{"1":1,"3":1,"4":1,"5":1,"7":1,"9":1,"10":1,"11":1,"13":1,"15":1,"17":1,"18":0,"19":1,"20":1,"22":0,"25":1,"26":1,"27":1,"28":1,"29":1,"30":1,"32":1,"34":1,"35":1,"36":1,"37":1,"38":1,"39":1,"40":1,"41":1,"42":1,"44":1,"46":1,"49":1,"51":1,"52":1,"53":1,"55":1,"56":1,"58":1,"61":1,"62":1,"64":1,"66":1,"69":1,"70":0,"72":0,"75":1,"76":0,"77":0,"80":1,"81":0,"83":0,"85":0,"88":1,"89":0,"90":0,"93":1,"94":0,"95":0,"97":0,"98":0,"100":0,"103":0,"104":0,"107":0,"109":0,"110":0,"111":0,"115":0,"119":1,"120":0,"121":0,"123":0,"124":0,"126":0,"129":0,"130":0,"131":0,"132":0,"134":0,"135":0,"138":0,"139":0,"140":0,"142":0,"143":0,"146":0,"148":0,"152":1,"153":0,"155":0,"156":0,"159":0,"162":1,"163":0,"164":0,"165":0,"168":0,"169":0,"171":0,"172":0,"174":0,"177":0,"178":0,"181":0,"185":1,"186":0,"187":0,"189":0,"192":1,"193":0,"194":0,"197":1,"198":0,"199":0,"201":0,"204":1,"205":0,"207":0,"208":0,"211":0,"214":1,"215":0,"216":0,"219":1,"220":0,"221":0,"222":0,"226":0,"229":1,"230":0,"233":1}},"/home/travis/build/npmtest/node-npmtest-bleno/node_modules/bleno/lib/uuid-util.js":{"path":"/home/travis/build/npmtest/node-npmtest-bleno/node_modules/bleno/lib/uuid-util.js","s":{"1":1,"2":0,"3":0,"4":0},"b":{"1":[0,0]},"f":{"1":0},"fnMap":{"1":{"name":"(anonymous_1)","line":1,"loc":{"start":{"line":1,"column":30},"end":{"line":1,"column":45}}}},"statementMap":{"1":{"start":{"line":1,"column":0},"end":{"line":7,"column":2}},"2":{"start":{"line":2,"column":2},"end":{"line":4,"column":3}},"3":{"start":{"line":3,"column":4},"end":{"line":3,"column":34}},"4":{"start":{"line":6,"column":2},"end":{"line":6,"column":14}}},"branchMap":{"1":{"line":2,"type":"if","locations":[{"start":{"line":2,"column":2},"end":{"line":2,"column":2}},{"start":{"line":2,"column":2},"end":{"line":2,"column":2}}]}},"code":["module.exports.removeDashes = function(uuid) {","  if (uuid) {","    uuid = uuid.replace(/-/g, '');","  }","","  return uuid;","};",""],"l":{"1":1,"2":0,"3":0,"6":0}},"/home/travis/build/npmtest/node-npmtest-bleno/node_modules/bleno/lib/primary-service.js":{"path":"/home/travis/build/npmtest/node-npmtest-bleno/node_modules/bleno/lib/primary-service.js","s":{"1":1,"2":1,"3":1,"4":1,"5":1,"6":0,"7":0,"8":1,"9":1,"10":0,"11":1},"b":{"1":[0,0]},"f":{"1":0,"2":0},"fnMap":{"1":{"name":"PrimaryService","line":8,"loc":{"start":{"line":8,"column":0},"end":{"line":8,"column":33}}},"2":{"name":"(anonymous_2)","line":15,"loc":{"start":{"line":15,"column":36},"end":{"line":15,"column":47}}}},"statementMap":{"1":{"start":{"line":1,"column":0},"end":{"line":1,"column":31}},"2":{"start":{"line":2,"column":0},"end":{"line":2,"column":27}},"3":{"start":{"line":4,"column":0},"end":{"line":4,"column":48}},"4":{"start":{"line":6,"column":0},"end":{"line":6,"column":38}},"5":{"start":{"line":8,"column":0},"end":{"line":11,"column":1}},"6":{"start":{"line":9,"column":2},"end":{"line":9,"column":50}},"7":{"start":{"line":10,"column":2},"end":{"line":10,"column":55}},"8":{"start":{"line":13,"column":0},"end":{"line":13,"column":51}},"9":{"start":{"line":15,"column":0},"end":{"line":20,"column":2}},"10":{"start":{"line":16,"column":2},"end":{"line":19,"column":5}},"11":{"start":{"line":22,"column":0},"end":{"line":22,"column":32}}},"branchMap":{"1":{"line":10,"type":"binary-expr","locations":[{"start":{"line":10,"column":25},"end":{"line":10,"column":48}},{"start":{"line":10,"column":52},"end":{"line":10,"column":54}}]}},"code":["var events = require('events');","var util = require('util');","","var debug = require('debug')('primary-service');","","var UuidUtil = require('./uuid-util');","","function PrimaryService(options) {","  this.uuid = UuidUtil.removeDashes(options.uuid);","  this.characteristics = options.characteristics || [];","}","","util.inherits(PrimaryService, events.EventEmitter);","","PrimaryService.prototype.toString = function() {","  return JSON.stringify({","    uuid: this.uuid,","    characteristics: this.characteristics","  });","};","","module.exports = PrimaryService;",""],"l":{"1":1,"2":1,"4":1,"6":1,"8":1,"9":0,"10":0,"13":1,"15":1,"16":0,"22":1}},"/home/travis/build/npmtest/node-npmtest-bleno/node_modules/bleno/lib/characteristic.js":{"path":"/home/travis/build/npmtest/node-npmtest-bleno/node_modules/bleno/lib/characteristic.js","s":{"1":1,"2":1,"3":1,"4":1,"5":1,"6":0,"7":0,"8":0,"9":0,"10":0,"11":0,"12":0,"13":0,"14":0,"15":0,"16":0,"17":0,"18":0,"19":0,"20":0,"21":0,"22":0,"23":0,"24":0,"25":0,"26":0,"27":0,"28":0,"29":0,"30":0,"31":1,"32":1,"33":1,"34":1,"35":1,"36":1,"37":1,"38":0,"39":1,"40":0,"41":1,"42":0,"43":1,"44":0,"45":0,"46":1,"47":0,"48":0,"49":1,"50":1,"51":1},"b":{"1":[0,0],"2":[0,0],"3":[0,0],"4":[0,0],"5":[0,0],"6":[0,0,0],"7":[0,0],"8":[0,0],"9":[0,0],"10":[0,0],"11":[0,0],"12":[0,0]},"f":{"1":0,"2":0,"3":0,"4":0,"5":0,"6":0,"7":0,"8":0},"fnMap":{"1":{"name":"Characteristic","line":8,"loc":{"start":{"line":8,"column":0},"end":{"line":8,"column":33}}},"2":{"name":"(anonymous_2)","line":59,"loc":{"start":{"line":59,"column":36},"end":{"line":59,"column":47}}},"3":{"name":"(anonymous_3)","line":69,"loc":{"start":{"line":69,"column":41},"end":{"line":69,"column":68}}},"4":{"name":"(anonymous_4)","line":73,"loc":{"start":{"line":73,"column":42},"end":{"line":73,"column":92}}},"5":{"name":"(anonymous_5)","line":77,"loc":{"start":{"line":77,"column":39},"end":{"line":77,"column":83}}},"6":{"name":"(anonymous_6)","line":82,"loc":{"start":{"line":82,"column":41},"end":{"line":82,"column":52}}},"7":{"name":"(anonymous_7)","line":87,"loc":{"start":{"line":87,"column":36},"end":{"line":87,"column":47}}},"8":{"name":"(anonymous_8)","line":90,"loc":{"start":{"line":90,"column":38},"end":{"line":90,"column":49}}}},"statementMap":{"1":{"start":{"line":1,"column":0},"end":{"line":1,"column":31}},"2":{"start":{"line":2,"column":0},"end":{"line":2,"column":27}},"3":{"start":{"line":4,"column":0},"end":{"line":4,"column":47}},"4":{"start":{"line":6,"column":0},"end":{"line":6,"column":38}},"5":{"start":{"line":8,"column":0},"end":{"line":49,"column":1}},"6":{"start":{"line":9,"column":2},"end":{"line":9,"column":50}},"7":{"start":{"line":10,"column":2},"end":{"line":10,"column":45}},"8":{"start":{"line":11,"column":2},"end":{"line":11,"column":37}},"9":{"start":{"line":12,"column":2},"end":{"line":12,"column":37}},"10":{"start":{"line":13,"column":2},"end":{"line":13,"column":47}},"11":{"start":{"line":15,"column":2},"end":{"line":17,"column":3}},"12":{"start":{"line":16,"column":4},"end":{"line":16,"column":68}},"13":{"start":{"line":19,"column":2},"end":{"line":21,"column":3}},"14":{"start":{"line":20,"column":4},"end":{"line":20,"column":47}},"15":{"start":{"line":23,"column":2},"end":{"line":25,"column":3}},"16":{"start":{"line":24,"column":4},"end":{"line":24,"column":49}},"17":{"start":{"line":27,"column":2},"end":{"line":29,"column":3}},"18":{"start":{"line":28,"column":4},"end":{"line":28,"column":43}},"19":{"start":{"line":31,"column":2},"end":{"line":33,"column":3}},"20":{"start":{"line":32,"column":4},"end":{"line":32,"column":47}},"21":{"start":{"line":35,"column":2},"end":{"line":37,"column":3}},"22":{"start":{"line":36,"column":4},"end":{"line":36,"column":37}},"23":{"start":{"line":39,"column":2},"end":{"line":41,"column":3}},"24":{"start":{"line":40,"column":4},"end":{"line":40,"column":41}},"25":{"start":{"line":43,"column":2},"end":{"line":43,"column":56}},"26":{"start":{"line":44,"column":2},"end":{"line":44,"column":58}},"27":{"start":{"line":45,"column":2},"end":{"line":45,"column":52}},"28":{"start":{"line":46,"column":2},"end":{"li
[...]
stic') {","        characteristics.push(handle);","      }","    }","","    if (characteristics.length) {","      var uuidSize = characteristics[0].uuid.length / 2;","      var numCharacteristics = 1;","","      for (i = 1; i < characteristics.length; i++) {","        if (characteristics[0].uuid.length !== characteristics[i].uuid.length) {","          break;","        }","        numCharacteristics++;","      }","","      var lengthPerCharacteristic = (uuidSize === 2) ? 7 : 21;","      var maxCharacteristics = Math.floor((this._mtu - 2) / lengthPerCharacteristic);","      numCharacteristics = Math.min(numCharacteristics, maxCharacteristics);","","      response = new Buffer(2 + numCharacteristics * lengthPerCharacteristic);","","      response[0] = ATT_OP_READ_BY_TYPE_RESP;","      response[1] = lengthPerCharacteristic;","","      for (i = 0; i < numCharacteristics; i++) {","        var characteristic = characteristics[i];","","        response.writeUInt16LE(characteristic.startHandle, 2 + i * lengthPerCharacteristic);","        response.writeUInt8(characteristic.properties, 2 + i * lengthPerCharacteristic + 2);","        response.writeUInt16LE(characteristic.valueHandle, 2 + i * lengthPerCharacteristic + 3);","","        var characteristicUuid = new Buffer(characteristic.uuid.match(/.{1,2}/g).reverse().join(''), 'hex');","        for (var j = 0; j < characteristicUuid.length; j++) {","          response[2 + i * lengthPerCharacteristic + 5 + j] = characteristicUuid[j];","        }","      }","    } else {","      response = this.errorResponse(ATT_OP_READ_BY_TYPE_REQ, startHandle, ATT_ECODE_ATTR_NOT_FOUND);","    }","  } else {","    var handleAttribute = null;","    var valueHandle = null;","    var secure = false;","","    for (i = startHandle; i <= endHandle; i++) {","      handle = this._handles[i];","","      if (!handle) {","        break;","      }","","      if (handle.type === 'characteristic' && handle.uuid === uuid) {","        handleAttribute = handle.attribute;","        valueHandle = handle.valueHandle;","        secure = handle.secure & 0x02;","        break;","      } else if (handle.type === 'descriptor' && handle.uuid === uuid) {","        valueHandle = i;","        secure = handle.secure & 0x02;","        break;","      }","    }","","    if (secure && !this._aclStream.encrypted) {","      response = this.errorResponse(ATT_OP_READ_BY_TYPE_REQ, startHandle, ATT_ECODE_AUTHENTICATION);","    } else if (valueHandle) {","      var callback = (function(valueHandle) {","        return function(result, data) {","          var callbackResponse = null;","","          if (ATT_ECODE_SUCCESS === result) {","            var dataLength = Math.min(data.length, this._mtu - 4);","            callbackResponse = new Buffer(4 + dataLength);","","            callbackResponse[0] = ATT_OP_READ_BY_TYPE_RESP;","            callbackResponse[1] = dataLength + 2;","            callbackResponse.writeUInt16LE(valueHandle, 2);","            for (i = 0; i < dataLength; i++) {","              callbackResponse[4 + i] = data[i];","            }","          } else {","            callbackResponse = this.errorResponse(requestType, valueHandle, result);","          }","","          debug('read by type response: ' + callbackResponse.toString('hex'));","","          this.send(callbackResponse);","        }.bind(this);","      }.bind(this))(valueHandle);","","      var data = this._handles[valueHandle].value;","","      if (data) {","        callback(ATT_ECODE_SUCCESS, data);","      } else if (handleAttribute) {","        handleAttribute.emit('readRequest', 0, callback);","      } else {","        callback(ATT_ECODE_UNLIKELY);","      }","    } else {","      response = this.errorResponse(ATT_OP_READ_BY_TYPE_REQ, startHandle, ATT_ECODE_ATTR_NOT_FOUND);","    }","  }","","  return response;","};","","Gatt.prototype.handleReadOrReadBlobRequest = function(request) {","  var response = null;","","  var requestType = request[0];","  var valueHandle = request.readUInt16LE(1);","  var offset = (requestType === ATT_OP_READ_BLOB_REQ) ? request.readUInt16LE(3) : 0;","","  var handle = this._handles[valueHandle];","  var i;","","  if (handle) {","    var result = null;","    var data = null;","    var handleType = handle.type;","","    var callback = (function(requestType, valueHandle) {","      return function(result, data) {","        var callbackResponse = null;","","        if (ATT_ECODE_SUCCESS === result) {","          var dataLength = Math.min(data.length, this._mtu - 1);","          callbackResponse = new Buffer(1 + dataLength);","","          callbackResponse[0] = (requestType === ATT_OP_READ_BLOB_REQ) ? ATT_OP_READ_BLOB_RESP : ATT_OP_READ_RESP;","          for (i = 0; i < dataLength; i++) {","            callbackResponse[1 + i] = data[i];","          }","        } else {","          callbackResponse = this.errorResponse(requestType, valueHandle, result);","        }","","        debug('read response: ' + callbackResponse.toString('hex'));","","        this.send(callbackResponse);","      }.bind(this);","    }.bind(this))(requestType, valueHandle);","","    if (handleType === 'service' || handleType === 'includedService') {","      result = ATT_ECODE_SUCCESS;","      data = new Buffer(handle.uuid.match(/.{1,2}/g).reverse().join(''), 'hex');","    } else if (handleType === 'characteristic') {","      var uuid = new Buffer(handle.uuid.match(/.{1,2}/g).reverse().join(''), 'hex');","","      result = ATT_ECODE_SUCCESS;","      data = new Buffer(3 + uuid.length);","      data.writeUInt8(handle.properties, 0);","      data.writeUInt16LE(handle.valueHandle, 1);","","      for (i = 0; i < uuid.length; i++) {","        data[i + 3] = uuid[i];","      }","    } else if (handleType === 'characteristicValue' || handleType === 'descriptor') {","      var handleProperties = handle.properties;","      var handleSecure = handle.secure;","      var handleAttribute = handle.attribute;","      if (handleType === 'characteristicValue') {","        handleProperties = this._handles[valueHandle - 1].properties;","        handleSecure = this._handles[valueHandle - 1].secure;","        handleAttribute = this._handles[valueHandle - 1].attribute;","      }","","      if (handleProperties & 0x02) {","        if (handleSecure & 0x02 && !this._aclStream.encrypted) {","          result = ATT_ECODE_AUTHENTICATION;","        } else {","          data = handle.value;","","          if (data) {","            result = ATT_ECODE_SUCCESS;","          } else {","            handleAttribute.emit('readRequest', offset, callback);","          }","        }","      } else {","        result = ATT_ECODE_READ_NOT_PERM; // non-readable","      }","    }","","    if (data && typeof data === 'string') {","      data = new Buffer(data);","    }","","    if (result === ATT_ECODE_SUCCESS && data && offset) {","      if (data.length < offset) {","        result = ATT_ECODE_INVALID_OFFSET;","        data = null;","      } else {","        data = data.slice(offset);","      }","    }","","    if (result !== null) {","      callback(result, data);","    }","  } else {","    response = this.errorResponse(requestType, valueHandle, ATT_ECODE_INVALID_HANDLE);","  }","","  return response;","};","","Gatt.prototype.handleWriteRequestOrCommand = function(request) {","  var response = null;","","  var requestType = request[0];","  var withoutResponse = (requestType === ATT_OP_WRITE_CMD);","  var valueHandle = request.readUInt16LE(1);","  var data = request.slice(3);","  var offset = 0;","","  var handle = this._handles[valueHandle];","","  if (handle) {","    if (handle.type === 'characteristicValue') {","      handle = this._handles[valueHandle - 1];","    }","","    var handleProperties = handle.properties;","    var handleSecure = handle.secure;","","    if (handleProperties && (withoutResponse ? (handleProperties & 0x04) : (handleProperties & 0x08))) {","","      var callback = (function(requestType, valueHandle, withoutResponse) {","        return function(result) {","          if (!withoutResponse) {","            var callbackResponse = null;","","            if (ATT_ECODE_SUCCESS === result) {","              callbackResponse = new Buffer([ATT_OP_WRITE_RESP]);","            } else {","              callbackResponse = this.errorResponse(requestType, valueHandle, result);","            }","","            debug('write response: ' + callbackResponse.toString('hex'));","","            this.send(callbackResponse);","          }","        }.bind(this);","      }.bind(this))(requestType, valueHandle, withoutResponse);","","      if (handleSecure & (withoutResponse ? 0x04 : 0x08) && !this._aclStream.encrypted) {","        response = this.errorResponse(requestType, valueHandle, ATT_ECODE_AUTHENTICATION);","      } else if (handle.type === 'descriptor' || handle.uuid === '2902') {","        var result = null;","","        if (data.length !== 2) {","          result = ATT_ECODE_INVAL_ATTR_VALUE_LEN;","        } else {","          var value = data.readUInt16LE(0);","          var handleAttribute = handle.attribute;","","          handle.value = data;","","          if (value & 0x0003) {","            var updateValueCallback = (function(valueHandle, attribute) {","              return function(data) {","                var dataLength = Math.min(data.length, this._mtu - 3);","                var useNotify = attribute.properties.indexOf('notify') !== -1;","                var useIndicate = attribute.properties.indexOf('indicate') !== -1;","                var i;","","                if (useNotify) {","                  var notifyMessage = new Buffer(3 + dataLength);","","                  notifyMessage.writeUInt8(ATT_OP_HANDLE_NOTIFY, 0);","                  notifyMessage.writeUInt16LE(valueHandle, 1);","","                  for (i = 0; i < dataLength; i++) {","                    notifyMessage[3 + i] = data[i];","                  }","","                  debug('notify message: ' + notifyMessage.toString('hex'));","                  this.send(notifyMessage);","","                  attribute.emit('notify');","                } else if (useIndicate) {","                  var indicateMessage = new Buffer(3 + dataLength);","","                  indicateMessage.writeUInt8(ATT_OP_HANDLE_IND, 0);","                  indicateMessage.writeUInt16LE(valueHandle, 1);","","                  for (i = 0; i < dataLength; i++) {","                    indicateMessage[3 + i] = data[i];","                  }","","                  this._lastIndicatedAttribute = attribute;","","                  debug('indicate message: ' + indicateMessage.toString('hex'));","                  this.send(indicateMessage);","                }","              }.bind(this);","            }.bind(this))(valueHandle - 1, handleAttribute);","","            if (handleAttribute.emit) {","              handleAttribute.emit('subscribe', this._mtu - 3, updateValueCallback);","            }","          } else {","            handleAttribute.emit('unsubscribe');","          }","","          result = ATT_ECODE_SUCCESS;","        }","","        callback(result);","      } else {","        handle.attribute.emit('writeRequest', data, offset, withoutResponse, callback);","      }","    } else {","      response = this.errorResponse(requestType, valueHandle, ATT_ECODE_WRITE_NOT_PERM);","    }","  } else {","    response = this.errorResponse(requestType, valueHandle, ATT_ECODE_INVALID_HANDLE);","  }","","  return response;","};","","Gatt.prototype.handlePrepareWriteRequest = function(request) {","  var response = null;","","  var requestType = request[0];","  var valueHandle = request.readUInt16LE(1);","  var offset = request.readUInt16LE(3);","  var data = request.slice(5);","","  var handle = this._handles[valueHandle];","","  if (handle) {","    if (handle.type === 'characteristicValue') {","      handle = this._handles[valueHandle - 1];","","      var handleProperties = handle.properties;","      var handleSecure = handle.secure;","","      if (handleProperties && (handleProperties & 0x08)) {","        if ((handleSecure & 0x08) && !this._aclStream.encrypted) {","          response = this.errorResponse(requestType, valueHandle, ATT_ECODE_AUTHENTICATION);","        } else if (this._preparedWriteRequest) {","          if (this._preparedWriteRequest.handle !== handle) {","            response = this.errorResponse(requestType, valueHandle, ATT_ECODE_UNLIKELY);","          } else if (offset === (this._preparedWriteRequest.offset + this._preparedWriteRequest.data.length)) {","            this._preparedWriteRequest.data = Buffer.concat([","              this._preparedWriteRequest.data,","              data","            ]);","","            response = new Buffer(request.length);","            request.copy(response);","            response[0] = ATT_OP_PREP_WRITE_RESP;","          } else {","            response = this.errorResponse(requestType, valueHandle, ATT_ECODE_INVALID_OFFSET);","          }","        } else {","          this._preparedWriteRequest = {","            handle: handle,","            valueHandle: valueHandle,","            offset: offset,","            data: data","          };","","          response = new Buffer(request.length);","          request.copy(response);","          response[0] = ATT_OP_PREP_WRITE_RESP;","        }","      } else {","        response = this.errorResponse(requestType, valueHandle, ATT_ECODE_WRITE_NOT_PERM);","      }","    } else {","      response = this.errorResponse(requestType, valueHandle, ATT_ECODE_ATTR_NOT_LONG);","    }","  } else {","    response = this.errorResponse(requestType, valueHandle, ATT_ECODE_INVALID_HANDLE);","  }","","  return response;","};","","Gatt.prototype.handleExecuteWriteRequest = function(request) {","  var response = null;","","  var requestType = request[0];","  var flag = request[1];","","  if (this._preparedWriteRequest) {","    var valueHandle = this._preparedWriteRequest.valueHandle;","","    if (flag === 0x00) {","      response = new Buffer([ATT_OP_EXEC_WRITE_RESP]);","    } else if (flag === 0x01) {","      var callback = (function(requestType, valueHandle) {","        return function(result) {","          var callbackResponse = null;","","          if (ATT_ECODE_SUCCESS === result) {","            callbackResponse = new Buffer([ATT_OP_EXEC_WRITE_RESP]);","          } else {","            callbackResponse = this.errorResponse(requestType, valueHandle, result);","          }","","          debug('execute write response: ' + callbackResponse.toString('hex'));","","          this.send(callbackResponse);","        }.bind(this);","      }.bind(this))(requestType, this._preparedWriteRequest.valueHandle);","","      this._preparedWriteRequest.handle.attribute.emit('writeRequest', this._preparedWriteRequest.data, this._preparedWriteRequest.offset, false, callback);","    } else {","      response = this.errorResponse(requestType, 0x0000, ATT_ECODE_UNLIKELY);","    }","","    this._preparedWriteRequest = null;","  } else {","    response = this.errorResponse(requestType, 0x0000, ATT_ECODE_UNLIKELY);","  }","","  return response;","};","","Gatt.prototype.handleConfirmation = function(request) {","  if (this._lastIndicatedAttribute) {","    if (this._lastIndicatedAttribute.emit) {","      this._lastIndicatedAttribute.emit('indicate');","    }","","    this._lastIndicatedAttribute = null;","  }","};","","module.exports = Gatt;",""],"l":{"3":1,"5":1,"6":1,"7":1,"9":1,"10":1,"11":1,"12":1,"13":1,"14":1,"15":1,"16":1,"17":1,"18":1,"19":1,"20":1,"21":1,"22":1,"23":1,"24":1,"25":1,"26":1,"27":1,"28":1,"29":1,"30":1,"31":1,"32":1,"33":1,"34":1,"35":1,"36":1,"38":1,"39":1,"40":1,"42":1,"43":1,"45":1,"46":1,"47":1,"48":1,"49":1,"50":1,"51":1,"52":1,"53":1,"54":1,"55":1,"56":1,"57":1,"58":1,"59":1,"60":1,"61":1,"62":1,"64":1,"66":1,"67":1,"68":1,"69":1,"71":1,"73":1,"74":1,"77":1,"79":1,"80":1,"83":1,"117":1,"119":1,"120":1,"121":1,"123":1,"124":2,"126":2,"127":2,"129":2,"137":2,"138":3,"140":3,"141":3,"143":3,"144":2,"146":2,"147":0,"151":3,"152":0,"154":0,"155":0,"159":3,"160":0,"162":0,"163":0,"167":3,"168":0,"170":0,"171":0,"175":3,"176":1,"178":1,"179":0,"183":3,"184":3,"186":3,"187":3,"189":3,"199":3,"205":3,"208":1,"209":1,"210":1,"221":3,"222":0,"224":0,"225":0,"227":0,"239":2,"242":1,"243":1,"244":10,"246":10,"247":10,"248":47,"249":4,"250":43,"251":37,"256":1,"259":1,"260":0,"261":0,"263":0,"265":0,"266":0,"269":1,"270":0,"271":0,"274":0,"277":1,"278":0,"279":0,"281":0,"282":0,"285":0,"287":0,"288":0,"294":1,"295":0,"296":0,"299":1,"300":0,"302":0,"303":0,"304":0,"305":0,"307":0,"310":1,"311":0,"313":0,"314":0,"316":0,"318":0,"319":0,"322":0,"323":0,"326":0,"327":0,"330":0,"331":0,"335":0,"336":0,"339":0,"340":0,"344":0,"345":0,"348":0,"349":0,"352":0,"353":0,"356":0,"357":0,"362":0,"363":0,"366":0,"367":0,"369":0,"373":1,"374":0,"376":0,"377":0,"378":0,"379":0,"382":0,"384":0,"386":0,"388":0,"389":0,"391":0,"394":1,"395":0,"397":0,"398":0,"400":0,"401":0,"402":0,"404":0,"405":0,"407":0,"408":0,"411":0,"413":0,"414":0,"415":0,"416":0,"417":0,"418":0,"419":0,"420":0,"421":0,"422":0,"425":0,"426":0,"433":0,"434":0,"435":0,"437":0,"438":0,"439":0,"441":0,"444":0,"445":0,"446":0,"448":0,"450":0,"451":0,"453":0,"454":0,"456":0,"458":0,"459":0,"460":0,"464":0,"467":0,"470":1,"471":0,"473":0,"474":0,"475":0,"476":0,"478":0,"479":0,"481":0,"482":0,"484":0,"485":0,"488":0,"489":0,"496":0,"497":0,"498":0,"499":0,"501":0,"503":0,"505":0,"507":0,"508":0,"510":0,"511":0,"514":0,"517":0,"520":1,"521":0,"523":0,"524":0,"525":0,"527":0,"529":0,"530":0,"531":0,"532":0,"534":0,"535":0,"537":0,"538":0,"541":0,"542":0,"546":0,"547":0,"548":0,"550":0,"551":0,"552":0,"554":0,"557":0,"558":0,"559":0,"561":0,"563":0,"564":0,"566":0,"567":0,"569":0,"570":0,"572":0,"573":0,"574":0,"578":0,"581":0,"584":0,"587":1,"588":0,"589":0,"591":0,"592":0,"593":0,"594":0,"595":0,"597":0,"599":0,"600":0,"602":0,"603":0,"605":0,"606":0,"609":0,"610":0,"614":0,"615":0,"616":0,"618":0,"619":0,"620":0,"622":0,"625":0,"626":0,"627":0,"629":0,"631":0,"632":0,"634":0,"635":0,"637":0,"638":0,"639":0,"641":0,"642":0,"643":0,"647":0,"650":0,"651":0,"652":0,"654":0,"655":0,"657":0,"658":0,"661":0,"662":0,"663":0,"664":0,"665":0,"666":0,"667":0,"668":0,"669":0,"673":0,"674":0,"675":0,"676":0,"677":0,"678":0,"680":0,"681":0,"682":0,"684":0,"685":0,"686":0,"687":0,"688":0,"691":0,"694":0,"696":0,"700":0,"702":0,"703":0,"704":0,"705":0,"707":0,"710":0,"714":0,"717":1,"718":0,"720":0,"721":0,"722":0,"724":0,"725":0,"727":0,"728":0,"729":0,"730":0,"732":0,"733":0,"734":0,"736":0,"737":0,"738":0,"740":0,"741":0,"742":0,"745":0,"748":0,"750":0,"754":0,"755":0,"756":0,"757":0,"758":0,"760":0,"761":0,"762":0,"763":0,"765":0,"766":0,"768":0,"769":0,"770":0,"771":0,"772":0,"773":0,"774":0,"775":0,"778":0,"779":0,"780":0,"782":0,"784":0,"785":0,"787":0,"791":0,"795":0,"796":0,"799":0,"800":0,"801":0,"802":0,"804":0,"808":0,"809":0,"812":0,"815":0,"818":1,"819":0,"821":0,"822":0,"823":0,"824":0,"825":0,"827":0,"829":0,"830":0,"831":0,"834":0,"835":0,"837":0,"839":0,"840":0,"841":0,"842":0,"844":0,"845":0,"847":0,"850":0,"852":0,"857":0,"858":0,"859":0,"860":0,"862":0,"863":0,"865":0,"866":0,"868":0,"870":0,"871":0,"872":0,"873":0,"874":0,"875":0,"876":0,"878":0,"879":0,"881":0,"882":0,"884":0,"885":0,"888":0,"889":0,"891":0,"892":0,"893":0,"895":0,"896":0,"898":0,"899":0,"902":0,"904":0,"905":0,"910":0,"911":0,"914":0,"917":0,"920":0,"922":0,"925":0,"928":0,"931":0,"934":1,"935":0,"937":0,"938":0,"939":0,"940":0,"942":0,"944":0,"945":0,"946":0,"948":0,"949":0,"951":0,"952":0,"953":0,"954":0,"955":0,"956":0,"957":0,"958":0,"963":0,"964":0,"965":0,"967":0,"970":0,"977":0,"978":0,"979":0,"982":0,"985":0,"988":0,"991":0,"994":1,"995":0,"997":0,"998":0,"1000":0,"1001":0,"1003":0,"1004":0,"1005":0,"1006":0,"1007":0,"1008":0,"1010":0,"1011":0,"1013":0,"1016":0,"1018":0,"1022":0,"1024":0,"1027":0,"1029":0,"1032":0,"1035":1,"1036":0,"1037":0,"1038":0,"1041":0,"1045":1}}}